2025-08-12 20:14:15,439 - INFO - Logging to /Users/killett/GRACE/CA-groundwater/repo/scripts/logs/.mypy-log-20250812-201415.out and /Users/killett/GRACE/CA-groundwater/repo/scripts/logs/.mypy-log-20250812-201415.err with level INFO
2025-08-12 20:14:15,465 - INFO - Computer name: RAYL-C01432
2025-08-12 20:14:15,523 - INFO - Loading custom modules from most recent pickle file: /Users/killett/GRACE/CA-groundwater/repo/scripts/.mypy_custom_modules_RAYL-C01432_20250812-201414.pkl
2025-08-12 20:14:15,559 - INFO - dict_of_custom_modules() took 0:00:00.036940
2025-08-12 20:14:15,560 - INFO - Elapsed time: 0:00:00.123162
2025-08-12 20:14:15,560 - INFO - Processing a single Python script: /Users/killett/GRACE/CA-groundwater/repo/scripts/soil_moisture_download.py.
2025-08-12 20:14:15,563 - INFO - Processing module: /Users/killett/GRACE/CA-groundwater/repo/scripts/soil_moisture_download.py where type(module_path) = <class 'pathlib.PosixPath'>
2025-08-12 20:14:15,566 - INFO - Processing module: /Users/killett/GRACE/CA-groundwater/repo/scripts/run_all.py where type(module_path) = <class 'pathlib.PosixPath'>
2025-08-12 20:14:15,600 - INFO - Found no file or network operations in the python script (/Users/killett/GRACE/CA-groundwater/repo/scripts/soil_moisture_download.py) or custom modules (run_all).
2025-08-12 20:14:19,633 - INFO - Checking import earthaccess : 1/1 -  NO - NOT installed
2025-08-12 20:14:19,856 - INFO - Uninstalled imports: {'earthaccess'}
2025-08-12 20:14:19,856 - INFO - Imported files in the same directory as the script: [PosixPath('/Users/killett/GRACE/CA-groundwater/repo/scripts/run_all.py')]
2025-08-12 20:14:19,857 - INFO - No previous JSON files found in the script directory.
2025-08-12 20:14:19,857 - INFO - Trying to load the latest matching venv now.
2025-08-12 20:14:19,857 - INFO - Checking the cache for a virtual environment with all the required packages...
2025-08-12 20:14:19,867 - INFO - Found 2 matching venv folders in the cache.
2025-08-12 20:14:20,020 - ERROR - The cached venv directory /Users/killett/mypy/myenv-versionless-20250709-234707-astropy-backports.statistics-cartopy-dask-earthaccess-and-12-more failed check_packages_in_venv.
2025-08-12 20:14:20,021 - ERROR - The latest venv in the cache is invalid. Giving up on the cache and starting from scratch.
2025-08-12 20:14:20,023 - INFO - Creating new virtual environment 'myenv'...
2025-08-12 20:14:20,023 - INFO - Creating virtual environment...
2025-08-12 20:14:23,584 - INFO - Virtual environment created.
2025-08-12 20:14:23,584 - INFO - Running pip install: /Users/killett/mypy/failed-myenv-versionless-20250812-201415-earthaccess/bin/pip install wheel
2025-08-12 20:14:24,841 - INFO - Wheel installed in the virtual environment.
2025-08-12 20:14:24,842 - INFO - Writing download script to /Users/killett/mypy/failed-myenv-versionless-20250812-201415-earthaccess/download_packages.sh
2025-08-12 20:14:24,842 - INFO - Executing command: /Users/killett/mypy/failed-myenv-versionless-20250812-201415-earthaccess/download_packages.sh
2025-08-12 20:14:25,397 - INFO - Upgrading pip...
2025-08-12 20:14:25,870 - INFO - Requirement already satisfied: pip in /Users/killett/mypy/failed-myenv-versionless-20250812-201415-earthaccess/lib/python3.11/site-packages (24.1.2)
2025-08-12 20:14:26,021 - INFO - Collecting pip
2025-08-12 20:14:26,023 - INFO - Using cached pip-25.2-py3-none-any.whl.metadata (4.7 kB)
2025-08-12 20:14:26,030 - INFO - Using cached pip-25.2-py3-none-any.whl (1.8 MB)
2025-08-12 20:14:26,084 - INFO - Installing collected packages: pip
2025-08-12 20:14:26,084 - INFO - Attempting uninstall: pip
2025-08-12 20:14:26,087 - INFO - Found existing installation: pip 24.1.2
2025-08-12 20:14:26,129 - INFO - Uninstalling pip-24.1.2:
2025-08-12 20:14:26,143 - INFO - Successfully uninstalled pip-24.1.2
2025-08-12 20:14:27,622 - INFO - Successfully installed pip-25.2
2025-08-12 20:14:27,734 - INFO - Local setuptools files found.
2025-08-12 20:14:27,742 - INFO - Local wheel files found.
2025-08-12 20:14:27,742 - INFO - Downloading packages...
2025-08-12 20:14:28,650 - INFO - Collecting earthaccess (from -r /Users/killett/mypy/failed-myenv-versionless-20250812-201415-earthaccess/requirements.txt (line 1))
2025-08-12 20:14:28,651 - INFO - File was already downloaded /Users/killett/mypy/packages/earthaccess-0.14.0-py3-none-any.whl
2025-08-12 20:14:28,709 - INFO - Collecting fsspec>=2022.11 (from earthaccess->-r /Users/killett/mypy/failed-myenv-versionless-20250812-201415-earthaccess/requirements.txt (line 1))
2025-08-12 20:14:28,709 - INFO - File was already downloaded /Users/killett/mypy/packages/fsspec-2025.7.0-py3-none-any.whl
2025-08-12 20:14:28,776 - INFO - Collecting importlib-resources>=6.3.2 (from earthaccess->-r /Users/killett/mypy/failed-myenv-versionless-20250812-201415-earthaccess/requirements.txt (line 1))
2025-08-12 20:14:28,777 - INFO - File was already downloaded /Users/killett/mypy/packages/importlib_resources-6.5.2-py3-none-any.whl
2025-08-12 20:14:28,826 - INFO - Collecting multimethod>=1.8 (from earthaccess->-r /Users/killett/mypy/failed-myenv-versionless-20250812-201415-earthaccess/requirements.txt (line 1))
2025-08-12 20:14:28,826 - INFO - File was already downloaded /Users/killett/mypy/packages/multimethod-2.0-py3-none-any.whl
2025-08-12 20:14:28,852 - INFO - Collecting pqdm>=0.1 (from earthaccess->-r /Users/killett/mypy/failed-myenv-versionless-20250812-201415-earthaccess/requirements.txt (line 1))
2025-08-12 20:14:28,852 - INFO - File was already downloaded /Users/killett/mypy/packages/pqdm-0.2.0-py2.py3-none-any.whl
2025-08-12 20:14:28,894 - INFO - Collecting python-cmr>=0.10.0 (from earthaccess->-r /Users/killett/mypy/failed-myenv-versionless-20250812-201415-earthaccess/requirements.txt (line 1))
2025-08-12 20:14:28,894 - INFO - File was already downloaded /Users/killett/mypy/packages/python_cmr-0.13.0-py3-none-any.whl
2025-08-12 20:14:28,939 - INFO - Collecting requests>=2.26 (from earthaccess->-r /Users/killett/mypy/failed-myenv-versionless-20250812-201415-earthaccess/requirements.txt (line 1))
2025-08-12 20:14:28,940 - INFO - File was already downloaded /Users/killett/mypy/packages/requests-2.32.4-py3-none-any.whl
2025-08-12 20:14:28,985 - INFO - Collecting s3fs>=2022.11 (from earthaccess->-r /Users/killett/mypy/failed-myenv-versionless-20250812-201415-earthaccess/requirements.txt (line 1))
2025-08-12 20:14:28,985 - INFO - File was already downloaded /Users/killett/mypy/packages/s3fs-2025.7.0-py3-none-any.whl
2025-08-12 20:14:29,012 - INFO - Collecting tinynetrc>=1.3.1 (from earthaccess->-r /Users/killett/mypy/failed-myenv-versionless-20250812-201415-earthaccess/requirements.txt (line 1))
2025-08-12 20:14:29,012 - INFO - File was already downloaded /Users/killett/mypy/packages/tinynetrc-1.3.1-py2.py3-none-any.whl
2025-08-12 20:14:29,044 - INFO - Collecting typing-extensions>=4.10.0 (from earthaccess->-r /Users/killett/mypy/failed-myenv-versionless-20250812-201415-earthaccess/requirements.txt (line 1))
2025-08-12 20:14:29,044 - INFO - File was already downloaded /Users/killett/mypy/packages/typing_extensions-4.14.1-py3-none-any.whl
2025-08-12 20:14:29,077 - INFO - Collecting bounded-pool-executor (from pqdm>=0.1->earthaccess->-r /Users/killett/mypy/failed-myenv-versionless-20250812-201415-earthaccess/requirements.txt (line 1))
2025-08-12 20:14:29,078 - INFO - File was already downloaded /Users/killett/mypy/packages/bounded_pool_executor-0.0.3-py3-none-any.whl
2025-08-12 20:14:29,136 - INFO - Collecting tqdm (from pqdm>=0.1->earthaccess->-r /Users/killett/mypy/failed-myenv-versionless-20250812-201415-earthaccess/requirements.txt (line 1))
2025-08-12 20:14:29,137 - INFO - File was already downloaded /Users/killett/mypy/packages/tqdm-4.67.1-py3-none-any.whl
2025-08-12 20:14:29,171 - INFO - Collecting python-dateutil<3.0.0,>=2.8.2 (from python-cmr>=0.10.0->earthaccess->-r /Users/killett/mypy/failed-myenv-versionless-20250812-201415-earthaccess/requirements.txt (line 1))
2025-08-12 20:14:29,171 - INFO - File was already downloaded /Users/killett/mypy/packages/python_dateutil-2.9.0.post0-py2.py3-none-any.whl
2025-08-12 20:14:29,221 - INFO - Collecting six>=1.5 (from python-dateutil<3.0.0,>=2.8.2->python-cmr>=0.10.0->earthaccess->-r /Users/killett/mypy/failed-myenv-versionless-20250812-201415-earthaccess/requirements.txt (line 1))
2025-08-12 20:14:29,221 - INFO - File was already downloaded /Users/killett/mypy/packages/six-1.17.0-py2.py3-none-any.whl
2025-08-12 20:14:29,339 - INFO - Collecting charset_normalizer<4,>=2 (from requests>=2.26->earthaccess->-r /Users/killett/mypy/failed-myenv-versionless-20250812-201415-earthaccess/requirements.txt (line 1))
2025-08-12 20:14:29,339 - INFO - File was already downloaded /Users/killett/mypy/packages/charset_normalizer-3.4.3-cp311-cp311-macosx_10_9_universal2.whl
2025-08-12 20:14:29,369 - INFO - Collecting idna<4,>=2.5 (from requests>=2.26->earthaccess->-r /Users/killett/mypy/failed-myenv-versionless-20250812-201415-earthaccess/requirements.txt (line 1))
2025-08-12 20:14:29,369 - INFO - File was already downloaded /Users/killett/mypy/packages/idna-3.10-py3-none-any.whl
2025-08-12 20:14:29,423 - INFO - Collecting urllib3<3,>=1.21.1 (from requests>=2.26->earthaccess->-r /Users/killett/mypy/failed-myenv-versionless-20250812-201415-earthaccess/requirements.txt (line 1))
2025-08-12 20:14:29,424 - INFO - File was already downloaded /Users/killett/mypy/packages/urllib3-2.5.0-py3-none-any.whl
2025-08-12 20:14:29,463 - INFO - Collecting certifi>=2017.4.17 (from requests>=2.26->earthaccess->-r /Users/killett/mypy/failed-myenv-versionless-20250812-201415-earthaccess/requirements.txt (line 1))
2025-08-12 20:14:29,463 - INFO - File was already downloaded /Users/killett/mypy/packages/certifi-2025.8.3-py3-none-any.whl
2025-08-12 20:14:29,526 - INFO - Collecting aiobotocore<3.0.0,>=2.5.4 (from s3fs>=2022.11->earthaccess->-r /Users/killett/mypy/failed-myenv-versionless-20250812-201415-earthaccess/requirements.txt (line 1))
2025-08-12 20:14:29,526 - INFO - File was already downloaded /Users/killett/mypy/packages/aiobotocore-2.24.0-py3-none-any.whl
2025-08-12 20:14:30,158 - INFO - Collecting aiohttp!=4.0.0a0,!=4.0.0a1 (from s3fs>=2022.11->earthaccess->-r /Users/killett/mypy/failed-myenv-versionless-20250812-201415-earthaccess/requirements.txt (line 1))
2025-08-12 20:14:30,158 - INFO - File was already downloaded /Users/killett/mypy/packages/aiohttp-3.12.15-cp311-cp311-macosx_10_9_x86_64.whl
2025-08-12 20:14:30,223 - INFO - Collecting aioitertools<1.0.0,>=0.5.1 (from aiobotocore<3.0.0,>=2.5.4->s3fs>=2022.11->earthaccess->-r /Users/killett/mypy/failed-myenv-versionless-20250812-201415-earthaccess/requirements.txt (line 1))
2025-08-12 20:14:30,224 - INFO - File was already downloaded /Users/killett/mypy/packages/aioitertools-0.12.0-py3-none-any.whl
2025-08-12 20:14:30,702 - INFO - Collecting botocore<1.39.12,>=1.39.9 (from aiobotocore<3.0.0,>=2.5.4->s3fs>=2022.11->earthaccess->-r /Users/killett/mypy/failed-myenv-versionless-20250812-201415-earthaccess/requirements.txt (line 1))
2025-08-12 20:14:30,702 - INFO - File was already downloaded /Users/killett/mypy/packages/botocore-1.39.11-py3-none-any.whl
2025-08-12 20:14:30,838 - INFO - Collecting jmespath<2.0.0,>=0.7.1 (from aiobotocore<3.0.0,>=2.5.4->s3fs>=2022.11->earthaccess->-r /Users/killett/mypy/failed-myenv-versionless-20250812-201415-earthaccess/requirements.txt (line 1))
2025-08-12 20:14:30,838 - INFO - File was already downloaded /Users/killett/mypy/packages/jmespath-1.0.1-py3-none-any.whl
2025-08-12 20:14:31,128 - INFO - Collecting multidict<7.0.0,>=6.0.0 (from aiobotocore<3.0.0,>=2.5.4->s3fs>=2022.11->earthaccess->-r /Users/killett/mypy/failed-myenv-versionless-20250812-201415-earthaccess/requirements.txt (line 1))
2025-08-12 20:14:31,129 - INFO - File was already downloaded /Users/killett/mypy/packages/multidict-6.6.4-cp311-cp311-macosx_10_9_x86_64.whl
2025-08-12 20:14:31,322 - INFO - Collecting wrapt<2.0.0,>=1.10.10 (from aiobotocore<3.0.0,>=2.5.4->s3fs>=2022.11->earthaccess->-r /Users/killett/mypy/failed-myenv-versionless-20250812-201415-earthaccess/requirements.txt (line 1))
2025-08-12 20:14:31,325 - INFO - File was already downloaded /Users/killett/mypy/packages/wrapt-1.17.3-cp311-cp311-macosx_10_9_x86_64.whl
2025-08-12 20:14:31,365 - INFO - Collecting aiohappyeyeballs>=2.5.0 (from aiohttp!=4.0.0a0,!=4.0.0a1->s3fs>=2022.11->earthaccess->-r /Users/killett/mypy/failed-myenv-versionless-20250812-201415-earthaccess/requirements.txt (line 1))
2025-08-12 20:14:31,365 - INFO - File was already downloaded /Users/killett/mypy/packages/aiohappyeyeballs-2.6.1-py3-none-any.whl
2025-08-12 20:14:31,390 - INFO - Collecting aiosignal>=1.4.0 (from aiohttp!=4.0.0a0,!=4.0.0a1->s3fs>=2022.11->earthaccess->-r /Users/killett/mypy/failed-myenv-versionless-20250812-201415-earthaccess/requirements.txt (line 1))
2025-08-12 20:14:31,390 - INFO - File was already downloaded /Users/killett/mypy/packages/aiosignal-1.4.0-py3-none-any.whl
2025-08-12 20:14:31,422 - INFO - Collecting attrs>=17.3.0 (from aiohttp!=4.0.0a0,!=4.0.0a1->s3fs>=2022.11->earthaccess->-r /Users/killett/mypy/failed-myenv-versionless-20250812-201415-earthaccess/requirements.txt (line 1))
2025-08-12 20:14:31,422 - INFO - File was already downloaded /Users/killett/mypy/packages/attrs-25.3.0-py3-none-any.whl
2025-08-12 20:14:31,533 - INFO - Collecting frozenlist>=1.1.1 (from aiohttp!=4.0.0a0,!=4.0.0a1->s3fs>=2022.11->earthaccess->-r /Users/killett/mypy/failed-myenv-versionless-20250812-201415-earthaccess/requirements.txt (line 1))
2025-08-12 20:14:31,533 - INFO - File was already downloaded /Users/killett/mypy/packages/frozenlist-1.7.0-cp311-cp311-macosx_10_9_x86_64.whl
2025-08-12 20:14:31,618 - INFO - Collecting propcache>=0.2.0 (from aiohttp!=4.0.0a0,!=4.0.0a1->s3fs>=2022.11->earthaccess->-r /Users/killett/mypy/failed-myenv-versionless-20250812-201415-earthaccess/requirements.txt (line 1))
2025-08-12 20:14:31,618 - INFO - File was already downloaded /Users/killett/mypy/packages/propcache-0.3.2-cp311-cp311-macosx_10_9_x86_64.whl
2025-08-12 20:14:31,941 - INFO - Collecting yarl<2.0,>=1.17.0 (from aiohttp!=4.0.0a0,!=4.0.0a1->s3fs>=2022.11->earthaccess->-r /Users/killett/mypy/failed-myenv-versionless-20250812-201415-earthaccess/requirements.txt (line 1))
2025-08-12 20:14:31,942 - INFO - File was already downloaded /Users/killett/mypy/packages/yarl-1.20.1-cp311-cp311-macosx_10_9_x86_64.whl
2025-08-12 20:14:32,023 - INFO - Successfully downloaded earthaccess fsspec importlib-resources multimethod pqdm python-cmr python-dateutil requests charset_normalizer idna typing-extensions urllib3 certifi s3fs aiobotocore aiohttp aioitertools botocore jmespath multidict wrapt yarl aiohappyeyeballs aiosignal attrs frozenlist propcache six tinynetrc bounded-pool-executor tqdm
2025-08-12 20:14:32,381 - INFO - Installing all packages simultaneously...
2025-08-12 20:14:32,381 - INFO - Executing command: /Users/killett/mypy/failed-myenv-versionless-20250812-201415-earthaccess/bin/python -m pip install --no-index --find-links /Users/killett/mypy/packages -r /Users/killett/mypy/failed-myenv-versionless-20250812-201415-earthaccess/requirements.txt
2025-08-12 20:14:32,823 - INFO - Looking in links: /Users/killett/mypy/packages
2025-08-12 20:14:32,851 - INFO - Processing /Users/killett/mypy/packages/earthaccess-0.14.0-py3-none-any.whl (from -r /Users/killett/mypy/failed-myenv-versionless-20250812-201415-earthaccess/requirements.txt (line 1))
2025-08-12 20:14:32,869 - INFO - Processing /Users/killett/mypy/packages/fsspec-2025.7.0-py3-none-any.whl (from earthaccess->-r /Users/killett/mypy/failed-myenv-versionless-20250812-201415-earthaccess/requirements.txt (line 1))
2025-08-12 20:14:32,901 - INFO - Processing /Users/killett/mypy/packages/importlib_resources-6.5.2-py3-none-any.whl (from earthaccess->-r /Users/killett/mypy/failed-myenv-versionless-20250812-201415-earthaccess/requirements.txt (line 1))
2025-08-12 20:14:32,909 - INFO - Processing /Users/killett/mypy/packages/multimethod-2.0-py3-none-any.whl (from earthaccess->-r /Users/killett/mypy/failed-myenv-versionless-20250812-201415-earthaccess/requirements.txt (line 1))
2025-08-12 20:14:32,915 - INFO - Processing /Users/killett/mypy/packages/pqdm-0.2.0-py2.py3-none-any.whl (from earthaccess->-r /Users/killett/mypy/failed-myenv-versionless-20250812-201415-earthaccess/requirements.txt (line 1))
2025-08-12 20:14:32,920 - INFO - Processing /Users/killett/mypy/packages/python_cmr-0.13.0-py3-none-any.whl (from earthaccess->-r /Users/killett/mypy/failed-myenv-versionless-20250812-201415-earthaccess/requirements.txt (line 1))
2025-08-12 20:14:32,926 - INFO - Processing /Users/killett/mypy/packages/requests-2.32.4-py3-none-any.whl (from earthaccess->-r /Users/killett/mypy/failed-myenv-versionless-20250812-201415-earthaccess/requirements.txt (line 1))
2025-08-12 20:14:32,933 - INFO - Processing /Users/killett/mypy/packages/s3fs-2025.7.0-py3-none-any.whl (from earthaccess->-r /Users/killett/mypy/failed-myenv-versionless-20250812-201415-earthaccess/requirements.txt (line 1))
2025-08-12 20:14:32,940 - INFO - Processing /Users/killett/mypy/packages/tinynetrc-1.3.1-py2.py3-none-any.whl (from earthaccess->-r /Users/killett/mypy/failed-myenv-versionless-20250812-201415-earthaccess/requirements.txt (line 1))
2025-08-12 20:14:32,947 - INFO - Processing /Users/killett/mypy/packages/typing_extensions-4.14.1-py3-none-any.whl (from earthaccess->-r /Users/killett/mypy/failed-myenv-versionless-20250812-201415-earthaccess/requirements.txt (line 1))
2025-08-12 20:14:32,956 - INFO - Processing /Users/killett/mypy/packages/bounded_pool_executor-0.0.3-py3-none-any.whl (from pqdm>=0.1->earthaccess->-r /Users/killett/mypy/failed-myenv-versionless-20250812-201415-earthaccess/requirements.txt (line 1))
2025-08-12 20:14:32,959 - INFO - Processing /Users/killett/mypy/packages/tqdm-4.67.1-py3-none-any.whl (from pqdm>=0.1->earthaccess->-r /Users/killett/mypy/failed-myenv-versionless-20250812-201415-earthaccess/requirements.txt (line 1))
2025-08-12 20:14:32,968 - INFO - Processing /Users/killett/mypy/packages/python_dateutil-2.9.0.post0-py2.py3-none-any.whl (from python-cmr>=0.10.0->earthaccess->-r /Users/killett/mypy/failed-myenv-versionless-20250812-201415-earthaccess/requirements.txt (line 1))
2025-08-12 20:14:32,975 - INFO - Processing /Users/killett/mypy/packages/six-1.17.0-py2.py3-none-any.whl (from python-dateutil<3.0.0,>=2.8.2->python-cmr>=0.10.0->earthaccess->-r /Users/killett/mypy/failed-myenv-versionless-20250812-201415-earthaccess/requirements.txt (line 1))
2025-08-12 20:14:32,980 - INFO - Processing /Users/killett/mypy/packages/charset_normalizer-3.4.3-cp311-cp311-macosx_10_9_universal2.whl (from requests>=2.26->earthaccess->-r /Users/killett/mypy/failed-myenv-versionless-20250812-201415-earthaccess/requirements.txt (line 1))
2025-08-12 20:14:32,988 - INFO - Processing /Users/killett/mypy/packages/idna-3.10-py3-none-any.whl (from requests>=2.26->earthaccess->-r /Users/killett/mypy/failed-myenv-versionless-20250812-201415-earthaccess/requirements.txt (line 1))
2025-08-12 20:14:32,994 - INFO - Processing /Users/killett/mypy/packages/urllib3-2.5.0-py3-none-any.whl (from requests>=2.26->earthaccess->-r /Users/killett/mypy/failed-myenv-versionless-20250812-201415-earthaccess/requirements.txt (line 1))
2025-08-12 20:14:33,001 - INFO - Processing /Users/killett/mypy/packages/certifi-2025.8.3-py3-none-any.whl (from requests>=2.26->earthaccess->-r /Users/killett/mypy/failed-myenv-versionless-20250812-201415-earthaccess/requirements.txt (line 1))
2025-08-12 20:14:33,012 - INFO - Processing /Users/killett/mypy/packages/aiobotocore-2.24.0-py3-none-any.whl (from s3fs>=2022.11->earthaccess->-r /Users/killett/mypy/failed-myenv-versionless-20250812-201415-earthaccess/requirements.txt (line 1))
2025-08-12 20:14:33,020 - INFO - Processing /Users/killett/mypy/packages/aiohttp-3.12.15-cp311-cp311-macosx_10_9_x86_64.whl (from s3fs>=2022.11->earthaccess->-r /Users/killett/mypy/failed-myenv-versionless-20250812-201415-earthaccess/requirements.txt (line 1))
2025-08-12 20:14:33,029 - INFO - Processing /Users/killett/mypy/packages/aioitertools-0.12.0-py3-none-any.whl (from aiobotocore<3.0.0,>=2.5.4->s3fs>=2022.11->earthaccess->-r /Users/killett/mypy/failed-myenv-versionless-20250812-201415-earthaccess/requirements.txt (line 1))
2025-08-12 20:14:33,037 - INFO - Processing /Users/killett/mypy/packages/botocore-1.39.11-py3-none-any.whl (from aiobotocore<3.0.0,>=2.5.4->s3fs>=2022.11->earthaccess->-r /Users/killett/mypy/failed-myenv-versionless-20250812-201415-earthaccess/requirements.txt (line 1))
2025-08-12 20:14:33,114 - INFO - Processing /Users/killett/mypy/packages/jmespath-1.0.1-py3-none-any.whl (from aiobotocore<3.0.0,>=2.5.4->s3fs>=2022.11->earthaccess->-r /Users/killett/mypy/failed-myenv-versionless-20250812-201415-earthaccess/requirements.txt (line 1))
2025-08-12 20:14:33,117 - INFO - Processing /Users/killett/mypy/packages/multidict-6.6.4-cp311-cp311-macosx_10_9_x86_64.whl (from aiobotocore<3.0.0,>=2.5.4->s3fs>=2022.11->earthaccess->-r /Users/killett/mypy/failed-myenv-versionless-20250812-201415-earthaccess/requirements.txt (line 1))
2025-08-12 20:14:33,122 - INFO - Processing /Users/killett/mypy/packages/wrapt-1.17.3-cp311-cp311-macosx_10_9_x86_64.whl (from aiobotocore<3.0.0,>=2.5.4->s3fs>=2022.11->earthaccess->-r /Users/killett/mypy/failed-myenv-versionless-20250812-201415-earthaccess/requirements.txt (line 1))
2025-08-12 20:14:33,127 - INFO - Processing /Users/killett/mypy/packages/aiohappyeyeballs-2.6.1-py3-none-any.whl (from aiohttp!=4.0.0a0,!=4.0.0a1->s3fs>=2022.11->earthaccess->-r /Users/killett/mypy/failed-myenv-versionless-20250812-201415-earthaccess/requirements.txt (line 1))
2025-08-12 20:14:33,131 - INFO - Processing /Users/killett/mypy/packages/aiosignal-1.4.0-py3-none-any.whl (from aiohttp!=4.0.0a0,!=4.0.0a1->s3fs>=2022.11->earthaccess->-r /Users/killett/mypy/failed-myenv-versionless-20250812-201415-earthaccess/requirements.txt (line 1))
2025-08-12 20:14:33,136 - INFO - Processing /Users/killett/mypy/packages/attrs-25.3.0-py3-none-any.whl (from aiohttp!=4.0.0a0,!=4.0.0a1->s3fs>=2022.11->earthaccess->-r /Users/killett/mypy/failed-myenv-versionless-20250812-201415-earthaccess/requirements.txt (line 1))
2025-08-12 20:14:33,148 - INFO - Processing /Users/killett/mypy/packages/frozenlist-1.7.0-cp311-cp311-macosx_10_9_x86_64.whl (from aiohttp!=4.0.0a0,!=4.0.0a1->s3fs>=2022.11->earthaccess->-r /Users/killett/mypy/failed-myenv-versionless-20250812-201415-earthaccess/requirements.txt (line 1))
2025-08-12 20:14:33,155 - INFO - Processing /Users/killett/mypy/packages/propcache-0.3.2-cp311-cp311-macosx_10_9_x86_64.whl (from aiohttp!=4.0.0a0,!=4.0.0a1->s3fs>=2022.11->earthaccess->-r /Users/killett/mypy/failed-myenv-versionless-20250812-201415-earthaccess/requirements.txt (line 1))
2025-08-12 20:14:33,161 - INFO - Processing /Users/killett/mypy/packages/yarl-1.20.1-cp311-cp311-macosx_10_9_x86_64.whl (from aiohttp!=4.0.0a0,!=4.0.0a1->s3fs>=2022.11->earthaccess->-r /Users/killett/mypy/failed-myenv-versionless-20250812-201415-earthaccess/requirements.txt (line 1))
2025-08-12 20:14:33,276 - INFO - Installing collected packages: tinynetrc, bounded-pool-executor, wrapt, urllib3, typing-extensions, tqdm, six, propcache, multimethod, multidict, jmespath, importlib-resources, idna, fsspec, frozenlist, charset_normalizer, certifi, attrs, aioitertools, aiohappyeyeballs, yarl, requests, python-dateutil, pqdm, aiosignal, python-cmr, botocore, aiohttp, aiobotocore, s3fs, earthaccess
2025-08-12 20:14:36,053 - INFO - 
2025-08-12 20:14:36,055 - INFO - Successfully installed aiobotocore-2.24.0 aiohappyeyeballs-2.6.1 aiohttp-3.12.15 aioitertools-0.12.0 aiosignal-1.4.0 attrs-25.3.0 botocore-1.39.11 bounded-pool-executor-0.0.3 certifi-2025.8.3 charset_normalizer-3.4.3 earthaccess-0.14.0 frozenlist-1.7.0 fsspec-2025.7.0 idna-3.10 importlib-resources-6.5.2 jmespath-1.0.1 multidict-6.6.4 multimethod-2.0 pqdm-0.2.0 propcache-0.3.2 python-cmr-0.13.0 python-dateutil-2.9.0.post0 requests-2.32.4 s3fs-2025.7.0 six-1.17.0 tinynetrc-1.3.1 tqdm-4.67.1 typing-extensions-4.14.1 urllib3-2.5.0 wrapt-1.17.3 yarl-1.20.1
2025-08-12 20:14:36,140 - INFO - All packages installed successfully.
2025-08-12 20:14:36,214 - CRITICAL - Failed to create a virtual environment.
