2025-08-12 20:19:32,963 - INFO - Logging to /Users/killett/GRACE/CA-groundwater/repo/scripts/logs/.mypy-log-20250812-201932.out and /Users/killett/GRACE/CA-groundwater/repo/scripts/logs/.mypy-log-20250812-201932.err with level INFO
2025-08-12 20:19:32,993 - INFO - Computer name: RAYL-C01432
2025-08-12 20:19:33,052 - INFO - Loading custom modules from most recent pickle file: /Users/killett/GRACE/CA-groundwater/repo/scripts/.mypy_custom_modules_RAYL-C01432_20250812-201932.pkl
2025-08-12 20:19:33,088 - INFO - dict_of_custom_modules() took 0:00:00.037207
2025-08-12 20:19:33,089 - INFO - Elapsed time: 0:00:00.129142
2025-08-12 20:19:33,090 - INFO - Processing a single Python script: /Users/killett/GRACE/CA-groundwater/repo/scripts/soil_moisture_download.py.
2025-08-12 20:19:33,092 - INFO - Processing module: /Users/killett/GRACE/CA-groundwater/repo/scripts/soil_moisture_download.py where type(module_path) = <class 'pathlib.PosixPath'>
2025-08-12 20:19:33,097 - INFO - Processing module: /Users/killett/GRACE/CA-groundwater/repo/scripts/run_all.py where type(module_path) = <class 'pathlib.PosixPath'>
2025-08-12 20:19:33,130 - INFO - Found no file or network operations in the python script (/Users/killett/GRACE/CA-groundwater/repo/scripts/soil_moisture_download.py) or custom modules (run_all).
2025-08-12 20:19:36,897 - INFO - Checking import earthaccess : 1/1 -  NO - NOT installed
2025-08-12 20:19:37,110 - INFO - Uninstalled imports: {'earthaccess'}
2025-08-12 20:19:37,110 - INFO - Imported files in the same directory as the script: [PosixPath('/Users/killett/GRACE/CA-groundwater/repo/scripts/run_all.py')]
2025-08-12 20:19:37,111 - INFO - No previous JSON files found in the script directory.
2025-08-12 20:19:37,112 - INFO - Trying to load the latest matching venv now.
2025-08-12 20:19:37,112 - INFO - Checking the cache for a virtual environment with all the required packages...
2025-08-12 20:19:37,122 - INFO - Found 2 matching venv folders in the cache.
2025-08-12 20:19:37,275 - ERROR - The cached venv directory /Users/killett/mypy/myenv-versionless-20250709-234707-astropy-backports.statistics-cartopy-dask-earthaccess-and-12-more failed check_packages_in_venv.
2025-08-12 20:19:37,276 - ERROR - The latest venv in the cache is invalid. Giving up on the cache and starting from scratch.
2025-08-12 20:19:37,278 - INFO - Creating new virtual environment 'myenv'...
2025-08-12 20:19:37,278 - INFO - Creating virtual environment...
2025-08-12 20:19:40,861 - INFO - Virtual environment created.
2025-08-12 20:19:40,861 - INFO - Running pip install: /Users/killett/mypy/failed-myenv-versionless-20250812-201932-earthaccess/bin/pip install wheel
2025-08-12 20:19:42,062 - INFO - Wheel installed in the virtual environment.
2025-08-12 20:19:42,062 - INFO - Writing download script to /Users/killett/mypy/failed-myenv-versionless-20250812-201932-earthaccess/download_packages.sh
2025-08-12 20:19:42,063 - INFO - Executing command: /Users/killett/mypy/failed-myenv-versionless-20250812-201932-earthaccess/download_packages.sh
2025-08-12 20:19:42,395 - INFO - Upgrading pip...
2025-08-12 20:19:42,838 - INFO - Requirement already satisfied: pip in /Users/killett/mypy/failed-myenv-versionless-20250812-201932-earthaccess/lib/python3.11/site-packages (24.1.2)
2025-08-12 20:19:42,959 - INFO - Collecting pip
2025-08-12 20:19:42,962 - INFO - Using cached pip-25.2-py3-none-any.whl.metadata (4.7 kB)
2025-08-12 20:19:42,969 - INFO - Using cached pip-25.2-py3-none-any.whl (1.8 MB)
2025-08-12 20:19:43,030 - INFO - Installing collected packages: pip
2025-08-12 20:19:43,030 - INFO - Attempting uninstall: pip
2025-08-12 20:19:43,034 - INFO - Found existing installation: pip 24.1.2
2025-08-12 20:19:43,083 - INFO - Uninstalling pip-24.1.2:
2025-08-12 20:19:43,096 - INFO - Successfully uninstalled pip-24.1.2
2025-08-12 20:19:44,422 - INFO - Successfully installed pip-25.2
2025-08-12 20:19:44,551 - INFO - Local setuptools files found.
2025-08-12 20:19:44,559 - INFO - Local wheel files found.
2025-08-12 20:19:44,559 - INFO - Downloading packages...
2025-08-12 20:19:45,428 - INFO - Collecting earthaccess (from -r /Users/killett/mypy/failed-myenv-versionless-20250812-201932-earthaccess/requirements.txt (line 1))
2025-08-12 20:19:45,429 - INFO - File was already downloaded /Users/killett/mypy/packages/earthaccess-0.14.0-py3-none-any.whl
2025-08-12 20:19:45,494 - INFO - Collecting fsspec>=2022.11 (from earthaccess->-r /Users/killett/mypy/failed-myenv-versionless-20250812-201932-earthaccess/requirements.txt (line 1))
2025-08-12 20:19:45,494 - INFO - File was already downloaded /Users/killett/mypy/packages/fsspec-2025.7.0-py3-none-any.whl
2025-08-12 20:19:45,567 - INFO - Collecting importlib-resources>=6.3.2 (from earthaccess->-r /Users/killett/mypy/failed-myenv-versionless-20250812-201932-earthaccess/requirements.txt (line 1))
2025-08-12 20:19:45,567 - INFO - File was already downloaded /Users/killett/mypy/packages/importlib_resources-6.5.2-py3-none-any.whl
2025-08-12 20:19:45,603 - INFO - Collecting multimethod>=1.8 (from earthaccess->-r /Users/killett/mypy/failed-myenv-versionless-20250812-201932-earthaccess/requirements.txt (line 1))
2025-08-12 20:19:45,603 - INFO - File was already downloaded /Users/killett/mypy/packages/multimethod-2.0-py3-none-any.whl
2025-08-12 20:19:45,646 - INFO - Collecting pqdm>=0.1 (from earthaccess->-r /Users/killett/mypy/failed-myenv-versionless-20250812-201932-earthaccess/requirements.txt (line 1))
2025-08-12 20:19:45,646 - INFO - File was already downloaded /Users/killett/mypy/packages/pqdm-0.2.0-py2.py3-none-any.whl
2025-08-12 20:19:45,703 - INFO - Collecting python-cmr>=0.10.0 (from earthaccess->-r /Users/killett/mypy/failed-myenv-versionless-20250812-201932-earthaccess/requirements.txt (line 1))
2025-08-12 20:19:45,703 - INFO - File was already downloaded /Users/killett/mypy/packages/python_cmr-0.13.0-py3-none-any.whl
2025-08-12 20:19:45,759 - INFO - Collecting requests>=2.26 (from earthaccess->-r /Users/killett/mypy/failed-myenv-versionless-20250812-201932-earthaccess/requirements.txt (line 1))
2025-08-12 20:19:45,759 - INFO - File was already downloaded /Users/killett/mypy/packages/requests-2.32.4-py3-none-any.whl
2025-08-12 20:19:45,804 - INFO - Collecting s3fs>=2022.11 (from earthaccess->-r /Users/killett/mypy/failed-myenv-versionless-20250812-201932-earthaccess/requirements.txt (line 1))
2025-08-12 20:19:45,804 - INFO - File was already downloaded /Users/killett/mypy/packages/s3fs-2025.7.0-py3-none-any.whl
2025-08-12 20:19:45,838 - INFO - Collecting tinynetrc>=1.3.1 (from earthaccess->-r /Users/killett/mypy/failed-myenv-versionless-20250812-201932-earthaccess/requirements.txt (line 1))
2025-08-12 20:19:45,838 - INFO - File was already downloaded /Users/killett/mypy/packages/tinynetrc-1.3.1-py2.py3-none-any.whl
2025-08-12 20:19:45,871 - INFO - Collecting typing-extensions>=4.10.0 (from earthaccess->-r /Users/killett/mypy/failed-myenv-versionless-20250812-201932-earthaccess/requirements.txt (line 1))
2025-08-12 20:19:45,871 - INFO - File was already downloaded /Users/killett/mypy/packages/typing_extensions-4.14.1-py3-none-any.whl
2025-08-12 20:19:45,900 - INFO - Collecting bounded-pool-executor (from pqdm>=0.1->earthaccess->-r /Users/killett/mypy/failed-myenv-versionless-20250812-201932-earthaccess/requirements.txt (line 1))
2025-08-12 20:19:45,901 - INFO - File was already downloaded /Users/killett/mypy/packages/bounded_pool_executor-0.0.3-py3-none-any.whl
2025-08-12 20:19:45,964 - INFO - Collecting tqdm (from pqdm>=0.1->earthaccess->-r /Users/killett/mypy/failed-myenv-versionless-20250812-201932-earthaccess/requirements.txt (line 1))
2025-08-12 20:19:45,964 - INFO - File was already downloaded /Users/killett/mypy/packages/tqdm-4.67.1-py3-none-any.whl
2025-08-12 20:19:46,002 - INFO - Collecting python-dateutil<3.0.0,>=2.8.2 (from python-cmr>=0.10.0->earthaccess->-r /Users/killett/mypy/failed-myenv-versionless-20250812-201932-earthaccess/requirements.txt (line 1))
2025-08-12 20:19:46,002 - INFO - File was already downloaded /Users/killett/mypy/packages/python_dateutil-2.9.0.post0-py2.py3-none-any.whl
2025-08-12 20:19:46,060 - INFO - Collecting six>=1.5 (from python-dateutil<3.0.0,>=2.8.2->python-cmr>=0.10.0->earthaccess->-r /Users/killett/mypy/failed-myenv-versionless-20250812-201932-earthaccess/requirements.txt (line 1))
2025-08-12 20:19:46,061 - INFO - File was already downloaded /Users/killett/mypy/packages/six-1.17.0-py2.py3-none-any.whl
2025-08-12 20:19:46,188 - INFO - Collecting charset_normalizer<4,>=2 (from requests>=2.26->earthaccess->-r /Users/killett/mypy/failed-myenv-versionless-20250812-201932-earthaccess/requirements.txt (line 1))
2025-08-12 20:19:46,188 - INFO - File was already downloaded /Users/killett/mypy/packages/charset_normalizer-3.4.3-cp311-cp311-macosx_10_9_universal2.whl
2025-08-12 20:19:46,217 - INFO - Collecting idna<4,>=2.5 (from requests>=2.26->earthaccess->-r /Users/killett/mypy/failed-myenv-versionless-20250812-201932-earthaccess/requirements.txt (line 1))
2025-08-12 20:19:46,217 - INFO - File was already downloaded /Users/killett/mypy/packages/idna-3.10-py3-none-any.whl
2025-08-12 20:19:46,280 - INFO - Collecting urllib3<3,>=1.21.1 (from requests>=2.26->earthaccess->-r /Users/killett/mypy/failed-myenv-versionless-20250812-201932-earthaccess/requirements.txt (line 1))
2025-08-12 20:19:46,281 - INFO - File was already downloaded /Users/killett/mypy/packages/urllib3-2.5.0-py3-none-any.whl
2025-08-12 20:19:46,321 - INFO - Collecting certifi>=2017.4.17 (from requests>=2.26->earthaccess->-r /Users/killett/mypy/failed-myenv-versionless-20250812-201932-earthaccess/requirements.txt (line 1))
2025-08-12 20:19:46,321 - INFO - File was already downloaded /Users/killett/mypy/packages/certifi-2025.8.3-py3-none-any.whl
2025-08-12 20:19:46,392 - INFO - Collecting aiobotocore<3.0.0,>=2.5.4 (from s3fs>=2022.11->earthaccess->-r /Users/killett/mypy/failed-myenv-versionless-20250812-201932-earthaccess/requirements.txt (line 1))
2025-08-12 20:19:46,392 - INFO - File was already downloaded /Users/killett/mypy/packages/aiobotocore-2.24.0-py3-none-any.whl
2025-08-12 20:19:47,084 - INFO - Collecting aiohttp!=4.0.0a0,!=4.0.0a1 (from s3fs>=2022.11->earthaccess->-r /Users/killett/mypy/failed-myenv-versionless-20250812-201932-earthaccess/requirements.txt (line 1))
2025-08-12 20:19:47,084 - INFO - File was already downloaded /Users/killett/mypy/packages/aiohttp-3.12.15-cp311-cp311-macosx_10_9_x86_64.whl
2025-08-12 20:19:47,174 - INFO - Collecting aioitertools<1.0.0,>=0.5.1 (from aiobotocore<3.0.0,>=2.5.4->s3fs>=2022.11->earthaccess->-r /Users/killett/mypy/failed-myenv-versionless-20250812-201932-earthaccess/requirements.txt (line 1))
2025-08-12 20:19:47,175 - INFO - File was already downloaded /Users/killett/mypy/packages/aioitertools-0.12.0-py3-none-any.whl
2025-08-12 20:19:47,605 - INFO - Collecting botocore<1.39.12,>=1.39.9 (from aiobotocore<3.0.0,>=2.5.4->s3fs>=2022.11->earthaccess->-r /Users/killett/mypy/failed-myenv-versionless-20250812-201932-earthaccess/requirements.txt (line 1))
2025-08-12 20:19:47,605 - INFO - File was already downloaded /Users/killett/mypy/packages/botocore-1.39.11-py3-none-any.whl
2025-08-12 20:19:47,716 - INFO - Collecting jmespath<2.0.0,>=0.7.1 (from aiobotocore<3.0.0,>=2.5.4->s3fs>=2022.11->earthaccess->-r /Users/killett/mypy/failed-myenv-versionless-20250812-201932-earthaccess/requirements.txt (line 1))
2025-08-12 20:19:47,716 - INFO - File was already downloaded /Users/killett/mypy/packages/jmespath-1.0.1-py3-none-any.whl
2025-08-12 20:19:48,031 - INFO - Collecting multidict<7.0.0,>=6.0.0 (from aiobotocore<3.0.0,>=2.5.4->s3fs>=2022.11->earthaccess->-r /Users/killett/mypy/failed-myenv-versionless-20250812-201932-earthaccess/requirements.txt (line 1))
2025-08-12 20:19:48,031 - INFO - File was already downloaded /Users/killett/mypy/packages/multidict-6.6.4-cp311-cp311-macosx_10_9_x86_64.whl
2025-08-12 20:19:48,206 - INFO - Collecting wrapt<2.0.0,>=1.10.10 (from aiobotocore<3.0.0,>=2.5.4->s3fs>=2022.11->earthaccess->-r /Users/killett/mypy/failed-myenv-versionless-20250812-201932-earthaccess/requirements.txt (line 1))
2025-08-12 20:19:48,206 - INFO - File was already downloaded /Users/killett/mypy/packages/wrapt-1.17.3-cp311-cp311-macosx_10_9_x86_64.whl
2025-08-12 20:19:48,239 - INFO - Collecting aiohappyeyeballs>=2.5.0 (from aiohttp!=4.0.0a0,!=4.0.0a1->s3fs>=2022.11->earthaccess->-r /Users/killett/mypy/failed-myenv-versionless-20250812-201932-earthaccess/requirements.txt (line 1))
2025-08-12 20:19:48,240 - INFO - File was already downloaded /Users/killett/mypy/packages/aiohappyeyeballs-2.6.1-py3-none-any.whl
2025-08-12 20:19:48,266 - INFO - Collecting aiosignal>=1.4.0 (from aiohttp!=4.0.0a0,!=4.0.0a1->s3fs>=2022.11->earthaccess->-r /Users/killett/mypy/failed-myenv-versionless-20250812-201932-earthaccess/requirements.txt (line 1))
2025-08-12 20:19:48,267 - INFO - File was already downloaded /Users/killett/mypy/packages/aiosignal-1.4.0-py3-none-any.whl
2025-08-12 20:19:48,300 - INFO - Collecting attrs>=17.3.0 (from aiohttp!=4.0.0a0,!=4.0.0a1->s3fs>=2022.11->earthaccess->-r /Users/killett/mypy/failed-myenv-versionless-20250812-201932-earthaccess/requirements.txt (line 1))
2025-08-12 20:19:48,300 - INFO - File was already downloaded /Users/killett/mypy/packages/attrs-25.3.0-py3-none-any.whl
2025-08-12 20:19:48,405 - INFO - Collecting frozenlist>=1.1.1 (from aiohttp!=4.0.0a0,!=4.0.0a1->s3fs>=2022.11->earthaccess->-r /Users/killett/mypy/failed-myenv-versionless-20250812-201932-earthaccess/requirements.txt (line 1))
2025-08-12 20:19:48,405 - INFO - File was already downloaded /Users/killett/mypy/packages/frozenlist-1.7.0-cp311-cp311-macosx_10_9_x86_64.whl
2025-08-12 20:19:48,485 - INFO - Collecting propcache>=0.2.0 (from aiohttp!=4.0.0a0,!=4.0.0a1->s3fs>=2022.11->earthaccess->-r /Users/killett/mypy/failed-myenv-versionless-20250812-201932-earthaccess/requirements.txt (line 1))
2025-08-12 20:19:48,485 - INFO - File was already downloaded /Users/killett/mypy/packages/propcache-0.3.2-cp311-cp311-macosx_10_9_x86_64.whl
2025-08-12 20:19:48,803 - INFO - Collecting yarl<2.0,>=1.17.0 (from aiohttp!=4.0.0a0,!=4.0.0a1->s3fs>=2022.11->earthaccess->-r /Users/killett/mypy/failed-myenv-versionless-20250812-201932-earthaccess/requirements.txt (line 1))
2025-08-12 20:19:48,803 - INFO - File was already downloaded /Users/killett/mypy/packages/yarl-1.20.1-cp311-cp311-macosx_10_9_x86_64.whl
2025-08-12 20:19:48,882 - INFO - Successfully downloaded earthaccess fsspec importlib-resources multimethod pqdm python-cmr python-dateutil requests charset_normalizer idna typing-extensions urllib3 certifi s3fs aiobotocore aiohttp aioitertools botocore jmespath multidict wrapt yarl aiohappyeyeballs aiosignal attrs frozenlist propcache six tinynetrc bounded-pool-executor tqdm
2025-08-12 20:19:49,215 - INFO - Installing all packages simultaneously...
2025-08-12 20:19:49,215 - INFO - Executing command: /Users/killett/mypy/failed-myenv-versionless-20250812-201932-earthaccess/bin/python -m pip install --no-index --find-links /Users/killett/mypy/packages -r /Users/killett/mypy/failed-myenv-versionless-20250812-201932-earthaccess/requirements.txt
2025-08-12 20:19:49,668 - INFO - Looking in links: /Users/killett/mypy/packages
2025-08-12 20:19:49,698 - INFO - Processing /Users/killett/mypy/packages/earthaccess-0.14.0-py3-none-any.whl (from -r /Users/killett/mypy/failed-myenv-versionless-20250812-201932-earthaccess/requirements.txt (line 1))
2025-08-12 20:19:49,715 - INFO - Processing /Users/killett/mypy/packages/fsspec-2025.7.0-py3-none-any.whl (from earthaccess->-r /Users/killett/mypy/failed-myenv-versionless-20250812-201932-earthaccess/requirements.txt (line 1))
2025-08-12 20:19:49,749 - INFO - Processing /Users/killett/mypy/packages/importlib_resources-6.5.2-py3-none-any.whl (from earthaccess->-r /Users/killett/mypy/failed-myenv-versionless-20250812-201932-earthaccess/requirements.txt (line 1))
2025-08-12 20:19:49,754 - INFO - Processing /Users/killett/mypy/packages/multimethod-2.0-py3-none-any.whl (from earthaccess->-r /Users/killett/mypy/failed-myenv-versionless-20250812-201932-earthaccess/requirements.txt (line 1))
2025-08-12 20:19:49,759 - INFO - Processing /Users/killett/mypy/packages/pqdm-0.2.0-py2.py3-none-any.whl (from earthaccess->-r /Users/killett/mypy/failed-myenv-versionless-20250812-201932-earthaccess/requirements.txt (line 1))
2025-08-12 20:19:49,762 - INFO - Processing /Users/killett/mypy/packages/python_cmr-0.13.0-py3-none-any.whl (from earthaccess->-r /Users/killett/mypy/failed-myenv-versionless-20250812-201932-earthaccess/requirements.txt (line 1))
2025-08-12 20:19:49,768 - INFO - Processing /Users/killett/mypy/packages/requests-2.32.4-py3-none-any.whl (from earthaccess->-r /Users/killett/mypy/failed-myenv-versionless-20250812-201932-earthaccess/requirements.txt (line 1))
2025-08-12 20:19:49,775 - INFO - Processing /Users/killett/mypy/packages/s3fs-2025.7.0-py3-none-any.whl (from earthaccess->-r /Users/killett/mypy/failed-myenv-versionless-20250812-201932-earthaccess/requirements.txt (line 1))
2025-08-12 20:19:49,780 - INFO - Processing /Users/killett/mypy/packages/tinynetrc-1.3.1-py2.py3-none-any.whl (from earthaccess->-r /Users/killett/mypy/failed-myenv-versionless-20250812-201932-earthaccess/requirements.txt (line 1))
2025-08-12 20:19:49,784 - INFO - Processing /Users/killett/mypy/packages/typing_extensions-4.14.1-py3-none-any.whl (from earthaccess->-r /Users/killett/mypy/failed-myenv-versionless-20250812-201932-earthaccess/requirements.txt (line 1))
2025-08-12 20:19:49,791 - INFO - Processing /Users/killett/mypy/packages/bounded_pool_executor-0.0.3-py3-none-any.whl (from pqdm>=0.1->earthaccess->-r /Users/killett/mypy/failed-myenv-versionless-20250812-201932-earthaccess/requirements.txt (line 1))
2025-08-12 20:19:49,794 - INFO - Processing /Users/killett/mypy/packages/tqdm-4.67.1-py3-none-any.whl (from pqdm>=0.1->earthaccess->-r /Users/killett/mypy/failed-myenv-versionless-20250812-201932-earthaccess/requirements.txt (line 1))
2025-08-12 20:19:49,803 - INFO - Processing /Users/killett/mypy/packages/python_dateutil-2.9.0.post0-py2.py3-none-any.whl (from python-cmr>=0.10.0->earthaccess->-r /Users/killett/mypy/failed-myenv-versionless-20250812-201932-earthaccess/requirements.txt (line 1))
2025-08-12 20:19:49,810 - INFO - Processing /Users/killett/mypy/packages/six-1.17.0-py2.py3-none-any.whl (from python-dateutil<3.0.0,>=2.8.2->python-cmr>=0.10.0->earthaccess->-r /Users/killett/mypy/failed-myenv-versionless-20250812-201932-earthaccess/requirements.txt (line 1))
2025-08-12 20:19:49,813 - INFO - Processing /Users/killett/mypy/packages/charset_normalizer-3.4.3-cp311-cp311-macosx_10_9_universal2.whl (from requests>=2.26->earthaccess->-r /Users/killett/mypy/failed-myenv-versionless-20250812-201932-earthaccess/requirements.txt (line 1))
2025-08-12 20:19:49,821 - INFO - Processing /Users/killett/mypy/packages/idna-3.10-py3-none-any.whl (from requests>=2.26->earthaccess->-r /Users/killett/mypy/failed-myenv-versionless-20250812-201932-earthaccess/requirements.txt (line 1))
2025-08-12 20:19:49,826 - INFO - Processing /Users/killett/mypy/packages/urllib3-2.5.0-py3-none-any.whl (from requests>=2.26->earthaccess->-r /Users/killett/mypy/failed-myenv-versionless-20250812-201932-earthaccess/requirements.txt (line 1))
2025-08-12 20:19:49,833 - INFO - Processing /Users/killett/mypy/packages/certifi-2025.8.3-py3-none-any.whl (from requests>=2.26->earthaccess->-r /Users/killett/mypy/failed-myenv-versionless-20250812-201932-earthaccess/requirements.txt (line 1))
2025-08-12 20:19:49,843 - INFO - Processing /Users/killett/mypy/packages/aiobotocore-2.24.0-py3-none-any.whl (from s3fs>=2022.11->earthaccess->-r /Users/killett/mypy/failed-myenv-versionless-20250812-201932-earthaccess/requirements.txt (line 1))
2025-08-12 20:19:49,852 - INFO - Processing /Users/killett/mypy/packages/aiohttp-3.12.15-cp311-cp311-macosx_10_9_x86_64.whl (from s3fs>=2022.11->earthaccess->-r /Users/killett/mypy/failed-myenv-versionless-20250812-201932-earthaccess/requirements.txt (line 1))
2025-08-12 20:19:49,861 - INFO - Processing /Users/killett/mypy/packages/aioitertools-0.12.0-py3-none-any.whl (from aiobotocore<3.0.0,>=2.5.4->s3fs>=2022.11->earthaccess->-r /Users/killett/mypy/failed-myenv-versionless-20250812-201932-earthaccess/requirements.txt (line 1))
2025-08-12 20:19:49,865 - INFO - Processing /Users/killett/mypy/packages/botocore-1.39.11-py3-none-any.whl (from aiobotocore<3.0.0,>=2.5.4->s3fs>=2022.11->earthaccess->-r /Users/killett/mypy/failed-myenv-versionless-20250812-201932-earthaccess/requirements.txt (line 1))
2025-08-12 20:19:49,944 - INFO - Processing /Users/killett/mypy/packages/jmespath-1.0.1-py3-none-any.whl (from aiobotocore<3.0.0,>=2.5.4->s3fs>=2022.11->earthaccess->-r /Users/killett/mypy/failed-myenv-versionless-20250812-201932-earthaccess/requirements.txt (line 1))
2025-08-12 20:19:49,947 - INFO - Processing /Users/killett/mypy/packages/multidict-6.6.4-cp311-cp311-macosx_10_9_x86_64.whl (from aiobotocore<3.0.0,>=2.5.4->s3fs>=2022.11->earthaccess->-r /Users/killett/mypy/failed-myenv-versionless-20250812-201932-earthaccess/requirements.txt (line 1))
2025-08-12 20:19:49,950 - INFO - Processing /Users/killett/mypy/packages/wrapt-1.17.3-cp311-cp311-macosx_10_9_x86_64.whl (from aiobotocore<3.0.0,>=2.5.4->s3fs>=2022.11->earthaccess->-r /Users/killett/mypy/failed-myenv-versionless-20250812-201932-earthaccess/requirements.txt (line 1))
2025-08-12 20:19:49,954 - INFO - Processing /Users/killett/mypy/packages/aiohappyeyeballs-2.6.1-py3-none-any.whl (from aiohttp!=4.0.0a0,!=4.0.0a1->s3fs>=2022.11->earthaccess->-r /Users/killett/mypy/failed-myenv-versionless-20250812-201932-earthaccess/requirements.txt (line 1))
2025-08-12 20:19:49,958 - INFO - Processing /Users/killett/mypy/packages/aiosignal-1.4.0-py3-none-any.whl (from aiohttp!=4.0.0a0,!=4.0.0a1->s3fs>=2022.11->earthaccess->-r /Users/killett/mypy/failed-myenv-versionless-20250812-201932-earthaccess/requirements.txt (line 1))
2025-08-12 20:19:49,961 - INFO - Processing /Users/killett/mypy/packages/attrs-25.3.0-py3-none-any.whl (from aiohttp!=4.0.0a0,!=4.0.0a1->s3fs>=2022.11->earthaccess->-r /Users/killett/mypy/failed-myenv-versionless-20250812-201932-earthaccess/requirements.txt (line 1))
2025-08-12 20:19:49,972 - INFO - Processing /Users/killett/mypy/packages/frozenlist-1.7.0-cp311-cp311-macosx_10_9_x86_64.whl (from aiohttp!=4.0.0a0,!=4.0.0a1->s3fs>=2022.11->earthaccess->-r /Users/killett/mypy/failed-myenv-versionless-20250812-201932-earthaccess/requirements.txt (line 1))
2025-08-12 20:19:49,979 - INFO - Processing /Users/killett/mypy/packages/propcache-0.3.2-cp311-cp311-macosx_10_9_x86_64.whl (from aiohttp!=4.0.0a0,!=4.0.0a1->s3fs>=2022.11->earthaccess->-r /Users/killett/mypy/failed-myenv-versionless-20250812-201932-earthaccess/requirements.txt (line 1))
2025-08-12 20:19:49,984 - INFO - Processing /Users/killett/mypy/packages/yarl-1.20.1-cp311-cp311-macosx_10_9_x86_64.whl (from aiohttp!=4.0.0a0,!=4.0.0a1->s3fs>=2022.11->earthaccess->-r /Users/killett/mypy/failed-myenv-versionless-20250812-201932-earthaccess/requirements.txt (line 1))
2025-08-12 20:19:50,108 - INFO - Installing collected packages: tinynetrc, bounded-pool-executor, wrapt, urllib3, typing-extensions, tqdm, six, propcache, multimethod, multidict, jmespath, importlib-resources, idna, fsspec, frozenlist, charset_normalizer, certifi, attrs, aioitertools, aiohappyeyeballs, yarl, requests, python-dateutil, pqdm, aiosignal, python-cmr, botocore, aiohttp, aiobotocore, s3fs, earthaccess
2025-08-12 20:19:53,037 - INFO - 
2025-08-12 20:19:53,042 - INFO - Successfully installed aiobotocore-2.24.0 aiohappyeyeballs-2.6.1 aiohttp-3.12.15 aioitertools-0.12.0 aiosignal-1.4.0 attrs-25.3.0 botocore-1.39.11 bounded-pool-executor-0.0.3 certifi-2025.8.3 charset_normalizer-3.4.3 earthaccess-0.14.0 frozenlist-1.7.0 fsspec-2025.7.0 idna-3.10 importlib-resources-6.5.2 jmespath-1.0.1 multidict-6.6.4 multimethod-2.0 pqdm-0.2.0 propcache-0.3.2 python-cmr-0.13.0 python-dateutil-2.9.0.post0 requests-2.32.4 s3fs-2025.7.0 six-1.17.0 tinynetrc-1.3.1 tqdm-4.67.1 typing-extensions-4.14.1 urllib3-2.5.0 wrapt-1.17.3 yarl-1.20.1
2025-08-12 20:19:53,146 - INFO - All packages installed successfully.
2025-08-12 20:19:53,212 - CRITICAL - Failed to create a virtual environment.
