2025-08-12 19:54:32,957 - INFO - Logging to /Users/killett/GRACE/CA-groundwater/repo/scripts/logs/.mypy-log-20250812-195432.out and /Users/killett/GRACE/CA-groundwater/repo/scripts/logs/.mypy-log-20250812-195432.err with level INFO
2025-08-12 19:54:32,994 - INFO - Computer name: RAYL-C01432
2025-08-12 19:54:33,062 - INFO - Loading custom modules from most recent pickle file: /Users/killett/GRACE/CA-groundwater/repo/scripts/.mypy_custom_modules_RAYL-C01432_20250812-195432.pkl
2025-08-12 19:54:33,095 - INFO - dict_of_custom_modules() took 0:00:00.033453
2025-08-12 19:54:33,095 - INFO - Elapsed time: 0:00:00.142908
2025-08-12 19:54:33,096 - INFO - Processing a single Python script: /Users/killett/GRACE/CA-groundwater/repo/scripts/soil_moisture_download.py.
2025-08-12 19:54:33,098 - INFO - Processing module: /Users/killett/GRACE/CA-groundwater/repo/scripts/soil_moisture_download.py where type(module_path) = <class 'pathlib.PosixPath'>
2025-08-12 19:54:33,102 - INFO - Processing module: /Users/killett/GRACE/CA-groundwater/repo/scripts/run_all.py where type(module_path) = <class 'pathlib.PosixPath'>
2025-08-12 19:54:33,138 - INFO - Found no file or network operations in the python script (/Users/killett/GRACE/CA-groundwater/repo/scripts/soil_moisture_download.py) or custom modules (run_all).
2025-08-12 19:54:37,208 - INFO - Checking import earthaccess : 1/1 -  NO - NOT installed
2025-08-12 19:54:37,440 - INFO - Uninstalled imports: {'earthaccess'}
2025-08-12 19:54:37,440 - INFO - Imported files in the same directory as the script: [PosixPath('/Users/killett/GRACE/CA-groundwater/repo/scripts/run_all.py')]
2025-08-12 19:54:37,441 - INFO - No previous JSON files found in the script directory.
2025-08-12 19:54:37,441 - INFO - Trying to load the latest matching venv now.
2025-08-12 19:54:37,442 - INFO - Checking the cache for a virtual environment with all the required packages...
2025-08-12 19:54:37,452 - INFO - Found 2 matching venv folders in the cache.
2025-08-12 19:54:37,578 - ERROR - The cached venv directory /Users/killett/mypy/myenv-versionless-20250709-234707-astropy-backports.statistics-cartopy-dask-earthaccess-and-12-more failed check_packages_in_venv.
2025-08-12 19:54:37,578 - ERROR - The latest venv in the cache is invalid. Giving up on the cache and starting from scratch.
2025-08-12 19:54:37,580 - INFO - Creating new virtual environment 'myenv'...
2025-08-12 19:54:37,581 - INFO - Creating virtual environment...
2025-08-12 19:54:41,584 - INFO - Virtual environment created.
2025-08-12 19:54:41,584 - INFO - Running pip install: /Users/killett/mypy/failed-myenv-versionless-20250812-195432-earthaccess/bin/pip install wheel
2025-08-12 19:54:42,808 - INFO - Wheel installed in the virtual environment.
2025-08-12 19:54:42,808 - INFO - Writing download script to /Users/killett/mypy/failed-myenv-versionless-20250812-195432-earthaccess/download_packages.sh
2025-08-12 19:54:42,809 - INFO - Executing command: /Users/killett/mypy/failed-myenv-versionless-20250812-195432-earthaccess/download_packages.sh
2025-08-12 19:54:43,150 - INFO - Upgrading pip...
2025-08-12 19:54:43,611 - INFO - Requirement already satisfied: pip in /Users/killett/mypy/failed-myenv-versionless-20250812-195432-earthaccess/lib/python3.11/site-packages (24.1.2)
2025-08-12 19:54:43,760 - INFO - Collecting pip
2025-08-12 19:54:43,762 - INFO - Using cached pip-25.2-py3-none-any.whl.metadata (4.7 kB)
2025-08-12 19:54:43,768 - INFO - Using cached pip-25.2-py3-none-any.whl (1.8 MB)
2025-08-12 19:54:43,815 - INFO - Installing collected packages: pip
2025-08-12 19:54:43,815 - INFO - Attempting uninstall: pip
2025-08-12 19:54:43,818 - INFO - Found existing installation: pip 24.1.2
2025-08-12 19:54:43,863 - INFO - Uninstalling pip-24.1.2:
2025-08-12 19:54:43,878 - INFO - Successfully uninstalled pip-24.1.2
2025-08-12 19:54:45,279 - INFO - Successfully installed pip-25.2
2025-08-12 19:54:45,376 - INFO - Local setuptools files found.
2025-08-12 19:54:45,384 - INFO - Local wheel files found.
2025-08-12 19:54:45,384 - INFO - Downloading packages...
2025-08-12 19:54:46,288 - INFO - Collecting earthaccess (from -r /Users/killett/mypy/failed-myenv-versionless-20250812-195432-earthaccess/requirements.txt (line 1))
2025-08-12 19:54:46,288 - INFO - File was already downloaded /Users/killett/mypy/packages/earthaccess-0.14.0-py3-none-any.whl
2025-08-12 19:54:46,395 - INFO - Collecting fsspec>=2022.11 (from earthaccess->-r /Users/killett/mypy/failed-myenv-versionless-20250812-195432-earthaccess/requirements.txt (line 1))
2025-08-12 19:54:46,395 - INFO - File was already downloaded /Users/killett/mypy/packages/fsspec-2025.7.0-py3-none-any.whl
2025-08-12 19:54:46,497 - INFO - Collecting importlib-resources>=6.3.2 (from earthaccess->-r /Users/killett/mypy/failed-myenv-versionless-20250812-195432-earthaccess/requirements.txt (line 1))
2025-08-12 19:54:46,497 - INFO - File was already downloaded /Users/killett/mypy/packages/importlib_resources-6.5.2-py3-none-any.whl
2025-08-12 19:54:46,555 - INFO - Collecting multimethod>=1.8 (from earthaccess->-r /Users/killett/mypy/failed-myenv-versionless-20250812-195432-earthaccess/requirements.txt (line 1))
2025-08-12 19:54:46,556 - INFO - File was already downloaded /Users/killett/mypy/packages/multimethod-2.0-py3-none-any.whl
2025-08-12 19:54:46,593 - INFO - Collecting pqdm>=0.1 (from earthaccess->-r /Users/killett/mypy/failed-myenv-versionless-20250812-195432-earthaccess/requirements.txt (line 1))
2025-08-12 19:54:46,594 - INFO - File was already downloaded /Users/killett/mypy/packages/pqdm-0.2.0-py2.py3-none-any.whl
2025-08-12 19:54:46,656 - INFO - Collecting python-cmr>=0.10.0 (from earthaccess->-r /Users/killett/mypy/failed-myenv-versionless-20250812-195432-earthaccess/requirements.txt (line 1))
2025-08-12 19:54:46,656 - INFO - File was already downloaded /Users/killett/mypy/packages/python_cmr-0.13.0-py3-none-any.whl
2025-08-12 19:54:46,724 - INFO - Collecting requests>=2.26 (from earthaccess->-r /Users/killett/mypy/failed-myenv-versionless-20250812-195432-earthaccess/requirements.txt (line 1))
2025-08-12 19:54:46,725 - INFO - File was already downloaded /Users/killett/mypy/packages/requests-2.32.4-py3-none-any.whl
2025-08-12 19:54:46,796 - INFO - Collecting s3fs>=2022.11 (from earthaccess->-r /Users/killett/mypy/failed-myenv-versionless-20250812-195432-earthaccess/requirements.txt (line 1))
2025-08-12 19:54:46,796 - INFO - File was already downloaded /Users/killett/mypy/packages/s3fs-2025.7.0-py3-none-any.whl
2025-08-12 19:54:46,830 - INFO - Collecting tinynetrc>=1.3.1 (from earthaccess->-r /Users/killett/mypy/failed-myenv-versionless-20250812-195432-earthaccess/requirements.txt (line 1))
2025-08-12 19:54:46,830 - INFO - File was already downloaded /Users/killett/mypy/packages/tinynetrc-1.3.1-py2.py3-none-any.whl
2025-08-12 19:54:46,914 - INFO - Collecting typing-extensions>=4.10.0 (from earthaccess->-r /Users/killett/mypy/failed-myenv-versionless-20250812-195432-earthaccess/requirements.txt (line 1))
2025-08-12 19:54:46,914 - INFO - File was already downloaded /Users/killett/mypy/packages/typing_extensions-4.14.1-py3-none-any.whl
2025-08-12 19:54:46,943 - INFO - Collecting bounded-pool-executor (from pqdm>=0.1->earthaccess->-r /Users/killett/mypy/failed-myenv-versionless-20250812-195432-earthaccess/requirements.txt (line 1))
2025-08-12 19:54:46,943 - INFO - File was already downloaded /Users/killett/mypy/packages/bounded_pool_executor-0.0.3-py3-none-any.whl
2025-08-12 19:54:47,037 - INFO - Collecting tqdm (from pqdm>=0.1->earthaccess->-r /Users/killett/mypy/failed-myenv-versionless-20250812-195432-earthaccess/requirements.txt (line 1))
2025-08-12 19:54:47,037 - INFO - File was already downloaded /Users/killett/mypy/packages/tqdm-4.67.1-py3-none-any.whl
2025-08-12 19:54:47,118 - INFO - Collecting python-dateutil<3.0.0,>=2.8.2 (from python-cmr>=0.10.0->earthaccess->-r /Users/killett/mypy/failed-myenv-versionless-20250812-195432-earthaccess/requirements.txt (line 1))
2025-08-12 19:54:47,118 - INFO - File was already downloaded /Users/killett/mypy/packages/python_dateutil-2.9.0.post0-py2.py3-none-any.whl
2025-08-12 19:54:47,188 - INFO - Collecting six>=1.5 (from python-dateutil<3.0.0,>=2.8.2->python-cmr>=0.10.0->earthaccess->-r /Users/killett/mypy/failed-myenv-versionless-20250812-195432-earthaccess/requirements.txt (line 1))
2025-08-12 19:54:47,188 - INFO - File was already downloaded /Users/killett/mypy/packages/six-1.17.0-py2.py3-none-any.whl
2025-08-12 19:54:47,327 - INFO - Collecting charset_normalizer<4,>=2 (from requests>=2.26->earthaccess->-r /Users/killett/mypy/failed-myenv-versionless-20250812-195432-earthaccess/requirements.txt (line 1))
2025-08-12 19:54:47,328 - INFO - File was already downloaded /Users/killett/mypy/packages/charset_normalizer-3.4.3-cp311-cp311-macosx_10_9_universal2.whl
2025-08-12 19:54:47,362 - INFO - Collecting idna<4,>=2.5 (from requests>=2.26->earthaccess->-r /Users/killett/mypy/failed-myenv-versionless-20250812-195432-earthaccess/requirements.txt (line 1))
2025-08-12 19:54:47,362 - INFO - File was already downloaded /Users/killett/mypy/packages/idna-3.10-py3-none-any.whl
2025-08-12 19:54:47,420 - INFO - Collecting urllib3<3,>=1.21.1 (from requests>=2.26->earthaccess->-r /Users/killett/mypy/failed-myenv-versionless-20250812-195432-earthaccess/requirements.txt (line 1))
2025-08-12 19:54:47,420 - INFO - File was already downloaded /Users/killett/mypy/packages/urllib3-2.5.0-py3-none-any.whl
2025-08-12 19:54:47,463 - INFO - Collecting certifi>=2017.4.17 (from requests>=2.26->earthaccess->-r /Users/killett/mypy/failed-myenv-versionless-20250812-195432-earthaccess/requirements.txt (line 1))
2025-08-12 19:54:47,464 - INFO - File was already downloaded /Users/killett/mypy/packages/certifi-2025.8.3-py3-none-any.whl
2025-08-12 19:54:47,519 - INFO - Collecting aiobotocore<3.0.0,>=2.5.4 (from s3fs>=2022.11->earthaccess->-r /Users/killett/mypy/failed-myenv-versionless-20250812-195432-earthaccess/requirements.txt (line 1))
2025-08-12 19:54:47,520 - INFO - File was already downloaded /Users/killett/mypy/packages/aiobotocore-2.24.0-py3-none-any.whl
2025-08-12 19:54:48,232 - INFO - Collecting aiohttp!=4.0.0a0,!=4.0.0a1 (from s3fs>=2022.11->earthaccess->-r /Users/killett/mypy/failed-myenv-versionless-20250812-195432-earthaccess/requirements.txt (line 1))
2025-08-12 19:54:48,232 - INFO - File was already downloaded /Users/killett/mypy/packages/aiohttp-3.12.15-cp311-cp311-macosx_10_9_x86_64.whl
2025-08-12 19:54:48,313 - INFO - Collecting aioitertools<1.0.0,>=0.5.1 (from aiobotocore<3.0.0,>=2.5.4->s3fs>=2022.11->earthaccess->-r /Users/killett/mypy/failed-myenv-versionless-20250812-195432-earthaccess/requirements.txt (line 1))
2025-08-12 19:54:48,313 - INFO - File was already downloaded /Users/killett/mypy/packages/aioitertools-0.12.0-py3-none-any.whl
2025-08-12 19:54:48,783 - INFO - Collecting botocore<1.39.12,>=1.39.9 (from aiobotocore<3.0.0,>=2.5.4->s3fs>=2022.11->earthaccess->-r /Users/killett/mypy/failed-myenv-versionless-20250812-195432-earthaccess/requirements.txt (line 1))
2025-08-12 19:54:48,783 - INFO - File was already downloaded /Users/killett/mypy/packages/botocore-1.39.11-py3-none-any.whl
2025-08-12 19:54:48,914 - INFO - Collecting jmespath<2.0.0,>=0.7.1 (from aiobotocore<3.0.0,>=2.5.4->s3fs>=2022.11->earthaccess->-r /Users/killett/mypy/failed-myenv-versionless-20250812-195432-earthaccess/requirements.txt (line 1))
2025-08-12 19:54:48,915 - INFO - File was already downloaded /Users/killett/mypy/packages/jmespath-1.0.1-py3-none-any.whl
2025-08-12 19:54:49,266 - INFO - Collecting multidict<7.0.0,>=6.0.0 (from aiobotocore<3.0.0,>=2.5.4->s3fs>=2022.11->earthaccess->-r /Users/killett/mypy/failed-myenv-versionless-20250812-195432-earthaccess/requirements.txt (line 1))
2025-08-12 19:54:49,266 - INFO - File was already downloaded /Users/killett/mypy/packages/multidict-6.6.4-cp311-cp311-macosx_10_9_x86_64.whl
2025-08-12 19:54:49,469 - INFO - Collecting wrapt<2.0.0,>=1.10.10 (from aiobotocore<3.0.0,>=2.5.4->s3fs>=2022.11->earthaccess->-r /Users/killett/mypy/failed-myenv-versionless-20250812-195432-earthaccess/requirements.txt (line 1))
2025-08-12 19:54:49,470 - INFO - File was already downloaded /Users/killett/mypy/packages/wrapt-1.17.3-cp311-cp311-macosx_10_9_x86_64.whl
2025-08-12 19:54:49,507 - INFO - Collecting aiohappyeyeballs>=2.5.0 (from aiohttp!=4.0.0a0,!=4.0.0a1->s3fs>=2022.11->earthaccess->-r /Users/killett/mypy/failed-myenv-versionless-20250812-195432-earthaccess/requirements.txt (line 1))
2025-08-12 19:54:49,507 - INFO - File was already downloaded /Users/killett/mypy/packages/aiohappyeyeballs-2.6.1-py3-none-any.whl
2025-08-12 19:54:49,568 - INFO - Collecting aiosignal>=1.4.0 (from aiohttp!=4.0.0a0,!=4.0.0a1->s3fs>=2022.11->earthaccess->-r /Users/killett/mypy/failed-myenv-versionless-20250812-195432-earthaccess/requirements.txt (line 1))
2025-08-12 19:54:49,568 - INFO - File was already downloaded /Users/killett/mypy/packages/aiosignal-1.4.0-py3-none-any.whl
2025-08-12 19:54:49,615 - INFO - Collecting attrs>=17.3.0 (from aiohttp!=4.0.0a0,!=4.0.0a1->s3fs>=2022.11->earthaccess->-r /Users/killett/mypy/failed-myenv-versionless-20250812-195432-earthaccess/requirements.txt (line 1))
2025-08-12 19:54:49,615 - INFO - File was already downloaded /Users/killett/mypy/packages/attrs-25.3.0-py3-none-any.whl
2025-08-12 19:54:49,739 - INFO - Collecting frozenlist>=1.1.1 (from aiohttp!=4.0.0a0,!=4.0.0a1->s3fs>=2022.11->earthaccess->-r /Users/killett/mypy/failed-myenv-versionless-20250812-195432-earthaccess/requirements.txt (line 1))
2025-08-12 19:54:49,739 - INFO - File was already downloaded /Users/killett/mypy/packages/frozenlist-1.7.0-cp311-cp311-macosx_10_9_x86_64.whl
2025-08-12 19:54:49,838 - INFO - Collecting propcache>=0.2.0 (from aiohttp!=4.0.0a0,!=4.0.0a1->s3fs>=2022.11->earthaccess->-r /Users/killett/mypy/failed-myenv-versionless-20250812-195432-earthaccess/requirements.txt (line 1))
2025-08-12 19:54:49,838 - INFO - File was already downloaded /Users/killett/mypy/packages/propcache-0.3.2-cp311-cp311-macosx_10_9_x86_64.whl
2025-08-12 19:54:50,183 - INFO - Collecting yarl<2.0,>=1.17.0 (from aiohttp!=4.0.0a0,!=4.0.0a1->s3fs>=2022.11->earthaccess->-r /Users/killett/mypy/failed-myenv-versionless-20250812-195432-earthaccess/requirements.txt (line 1))
2025-08-12 19:54:50,183 - INFO - File was already downloaded /Users/killett/mypy/packages/yarl-1.20.1-cp311-cp311-macosx_10_9_x86_64.whl
2025-08-12 19:54:50,257 - INFO - Successfully downloaded earthaccess fsspec importlib-resources multimethod pqdm python-cmr python-dateutil requests charset_normalizer idna typing-extensions urllib3 certifi s3fs aiobotocore aiohttp aioitertools botocore jmespath multidict wrapt yarl aiohappyeyeballs aiosignal attrs frozenlist propcache six tinynetrc bounded-pool-executor tqdm
2025-08-12 19:54:50,588 - INFO - Installing all packages simultaneously...
2025-08-12 19:54:50,588 - INFO - Executing command: /Users/killett/mypy/failed-myenv-versionless-20250812-195432-earthaccess/bin/python -m pip install --no-index --find-links /Users/killett/mypy/packages -r /Users/killett/mypy/failed-myenv-versionless-20250812-195432-earthaccess/requirements.txt
2025-08-12 19:54:51,009 - INFO - Looking in links: /Users/killett/mypy/packages
2025-08-12 19:54:51,037 - INFO - Processing /Users/killett/mypy/packages/earthaccess-0.14.0-py3-none-any.whl (from -r /Users/killett/mypy/failed-myenv-versionless-20250812-195432-earthaccess/requirements.txt (line 1))
2025-08-12 19:54:51,053 - INFO - Processing /Users/killett/mypy/packages/fsspec-2025.7.0-py3-none-any.whl (from earthaccess->-r /Users/killett/mypy/failed-myenv-versionless-20250812-195432-earthaccess/requirements.txt (line 1))
2025-08-12 19:54:51,081 - INFO - Processing /Users/killett/mypy/packages/importlib_resources-6.5.2-py3-none-any.whl (from earthaccess->-r /Users/killett/mypy/failed-myenv-versionless-20250812-195432-earthaccess/requirements.txt (line 1))
2025-08-12 19:54:51,086 - INFO - Processing /Users/killett/mypy/packages/multimethod-2.0-py3-none-any.whl (from earthaccess->-r /Users/killett/mypy/failed-myenv-versionless-20250812-195432-earthaccess/requirements.txt (line 1))
2025-08-12 19:54:51,089 - INFO - Processing /Users/killett/mypy/packages/pqdm-0.2.0-py2.py3-none-any.whl (from earthaccess->-r /Users/killett/mypy/failed-myenv-versionless-20250812-195432-earthaccess/requirements.txt (line 1))
2025-08-12 19:54:51,092 - INFO - Processing /Users/killett/mypy/packages/python_cmr-0.13.0-py3-none-any.whl (from earthaccess->-r /Users/killett/mypy/failed-myenv-versionless-20250812-195432-earthaccess/requirements.txt (line 1))
2025-08-12 19:54:51,096 - INFO - Processing /Users/killett/mypy/packages/requests-2.32.4-py3-none-any.whl (from earthaccess->-r /Users/killett/mypy/failed-myenv-versionless-20250812-195432-earthaccess/requirements.txt (line 1))
2025-08-12 19:54:51,101 - INFO - Processing /Users/killett/mypy/packages/s3fs-2025.7.0-py3-none-any.whl (from earthaccess->-r /Users/killett/mypy/failed-myenv-versionless-20250812-195432-earthaccess/requirements.txt (line 1))
2025-08-12 19:54:51,104 - INFO - Processing /Users/killett/mypy/packages/tinynetrc-1.3.1-py2.py3-none-any.whl (from earthaccess->-r /Users/killett/mypy/failed-myenv-versionless-20250812-195432-earthaccess/requirements.txt (line 1))
2025-08-12 19:54:51,108 - INFO - Processing /Users/killett/mypy/packages/typing_extensions-4.14.1-py3-none-any.whl (from earthaccess->-r /Users/killett/mypy/failed-myenv-versionless-20250812-195432-earthaccess/requirements.txt (line 1))
2025-08-12 19:54:51,114 - INFO - Processing /Users/killett/mypy/packages/bounded_pool_executor-0.0.3-py3-none-any.whl (from pqdm>=0.1->earthaccess->-r /Users/killett/mypy/failed-myenv-versionless-20250812-195432-earthaccess/requirements.txt (line 1))
2025-08-12 19:54:51,116 - INFO - Processing /Users/killett/mypy/packages/tqdm-4.67.1-py3-none-any.whl (from pqdm>=0.1->earthaccess->-r /Users/killett/mypy/failed-myenv-versionless-20250812-195432-earthaccess/requirements.txt (line 1))
2025-08-12 19:54:51,125 - INFO - Processing /Users/killett/mypy/packages/python_dateutil-2.9.0.post0-py2.py3-none-any.whl (from python-cmr>=0.10.0->earthaccess->-r /Users/killett/mypy/failed-myenv-versionless-20250812-195432-earthaccess/requirements.txt (line 1))
2025-08-12 19:54:51,132 - INFO - Processing /Users/killett/mypy/packages/six-1.17.0-py2.py3-none-any.whl (from python-dateutil<3.0.0,>=2.8.2->python-cmr>=0.10.0->earthaccess->-r /Users/killett/mypy/failed-myenv-versionless-20250812-195432-earthaccess/requirements.txt (line 1))
2025-08-12 19:54:51,136 - INFO - Processing /Users/killett/mypy/packages/charset_normalizer-3.4.3-cp311-cp311-macosx_10_9_universal2.whl (from requests>=2.26->earthaccess->-r /Users/killett/mypy/failed-myenv-versionless-20250812-195432-earthaccess/requirements.txt (line 1))
2025-08-12 19:54:51,141 - INFO - Processing /Users/killett/mypy/packages/idna-3.10-py3-none-any.whl (from requests>=2.26->earthaccess->-r /Users/killett/mypy/failed-myenv-versionless-20250812-195432-earthaccess/requirements.txt (line 1))
2025-08-12 19:54:51,146 - INFO - Processing /Users/killett/mypy/packages/urllib3-2.5.0-py3-none-any.whl (from requests>=2.26->earthaccess->-r /Users/killett/mypy/failed-myenv-versionless-20250812-195432-earthaccess/requirements.txt (line 1))
2025-08-12 19:54:51,151 - INFO - Processing /Users/killett/mypy/packages/certifi-2025.8.3-py3-none-any.whl (from requests>=2.26->earthaccess->-r /Users/killett/mypy/failed-myenv-versionless-20250812-195432-earthaccess/requirements.txt (line 1))
2025-08-12 19:54:51,160 - INFO - Processing /Users/killett/mypy/packages/aiobotocore-2.24.0-py3-none-any.whl (from s3fs>=2022.11->earthaccess->-r /Users/killett/mypy/failed-myenv-versionless-20250812-195432-earthaccess/requirements.txt (line 1))
2025-08-12 19:54:51,167 - INFO - Processing /Users/killett/mypy/packages/aiohttp-3.12.15-cp311-cp311-macosx_10_9_x86_64.whl (from s3fs>=2022.11->earthaccess->-r /Users/killett/mypy/failed-myenv-versionless-20250812-195432-earthaccess/requirements.txt (line 1))
2025-08-12 19:54:51,175 - INFO - Processing /Users/killett/mypy/packages/aioitertools-0.12.0-py3-none-any.whl (from aiobotocore<3.0.0,>=2.5.4->s3fs>=2022.11->earthaccess->-r /Users/killett/mypy/failed-myenv-versionless-20250812-195432-earthaccess/requirements.txt (line 1))
2025-08-12 19:54:51,181 - INFO - Processing /Users/killett/mypy/packages/botocore-1.39.11-py3-none-any.whl (from aiobotocore<3.0.0,>=2.5.4->s3fs>=2022.11->earthaccess->-r /Users/killett/mypy/failed-myenv-versionless-20250812-195432-earthaccess/requirements.txt (line 1))
2025-08-12 19:54:51,242 - INFO - Processing /Users/killett/mypy/packages/jmespath-1.0.1-py3-none-any.whl (from aiobotocore<3.0.0,>=2.5.4->s3fs>=2022.11->earthaccess->-r /Users/killett/mypy/failed-myenv-versionless-20250812-195432-earthaccess/requirements.txt (line 1))
2025-08-12 19:54:51,245 - INFO - Processing /Users/killett/mypy/packages/multidict-6.6.4-cp311-cp311-macosx_10_9_x86_64.whl (from aiobotocore<3.0.0,>=2.5.4->s3fs>=2022.11->earthaccess->-r /Users/killett/mypy/failed-myenv-versionless-20250812-195432-earthaccess/requirements.txt (line 1))
2025-08-12 19:54:51,248 - INFO - Processing /Users/killett/mypy/packages/wrapt-1.17.3-cp311-cp311-macosx_10_9_x86_64.whl (from aiobotocore<3.0.0,>=2.5.4->s3fs>=2022.11->earthaccess->-r /Users/killett/mypy/failed-myenv-versionless-20250812-195432-earthaccess/requirements.txt (line 1))
2025-08-12 19:54:51,253 - INFO - Processing /Users/killett/mypy/packages/aiohappyeyeballs-2.6.1-py3-none-any.whl (from aiohttp!=4.0.0a0,!=4.0.0a1->s3fs>=2022.11->earthaccess->-r /Users/killett/mypy/failed-myenv-versionless-20250812-195432-earthaccess/requirements.txt (line 1))
2025-08-12 19:54:51,256 - INFO - Processing /Users/killett/mypy/packages/aiosignal-1.4.0-py3-none-any.whl (from aiohttp!=4.0.0a0,!=4.0.0a1->s3fs>=2022.11->earthaccess->-r /Users/killett/mypy/failed-myenv-versionless-20250812-195432-earthaccess/requirements.txt (line 1))
2025-08-12 19:54:51,259 - INFO - Processing /Users/killett/mypy/packages/attrs-25.3.0-py3-none-any.whl (from aiohttp!=4.0.0a0,!=4.0.0a1->s3fs>=2022.11->earthaccess->-r /Users/killett/mypy/failed-myenv-versionless-20250812-195432-earthaccess/requirements.txt (line 1))
2025-08-12 19:54:51,269 - INFO - Processing /Users/killett/mypy/packages/frozenlist-1.7.0-cp311-cp311-macosx_10_9_x86_64.whl (from aiohttp!=4.0.0a0,!=4.0.0a1->s3fs>=2022.11->earthaccess->-r /Users/killett/mypy/failed-myenv-versionless-20250812-195432-earthaccess/requirements.txt (line 1))
2025-08-12 19:54:51,274 - INFO - Processing /Users/killett/mypy/packages/propcache-0.3.2-cp311-cp311-macosx_10_9_x86_64.whl (from aiohttp!=4.0.0a0,!=4.0.0a1->s3fs>=2022.11->earthaccess->-r /Users/killett/mypy/failed-myenv-versionless-20250812-195432-earthaccess/requirements.txt (line 1))
2025-08-12 19:54:51,279 - INFO - Processing /Users/killett/mypy/packages/yarl-1.20.1-cp311-cp311-macosx_10_9_x86_64.whl (from aiohttp!=4.0.0a0,!=4.0.0a1->s3fs>=2022.11->earthaccess->-r /Users/killett/mypy/failed-myenv-versionless-20250812-195432-earthaccess/requirements.txt (line 1))
2025-08-12 19:54:51,380 - INFO - Installing collected packages: tinynetrc, bounded-pool-executor, wrapt, urllib3, typing-extensions, tqdm, six, propcache, multimethod, multidict, jmespath, importlib-resources, idna, fsspec, frozenlist, charset_normalizer, certifi, attrs, aioitertools, aiohappyeyeballs, yarl, requests, python-dateutil, pqdm, aiosignal, python-cmr, botocore, aiohttp, aiobotocore, s3fs, earthaccess
2025-08-12 19:54:54,260 - INFO - 
2025-08-12 19:54:54,262 - INFO - Successfully installed aiobotocore-2.24.0 aiohappyeyeballs-2.6.1 aiohttp-3.12.15 aioitertools-0.12.0 aiosignal-1.4.0 attrs-25.3.0 botocore-1.39.11 bounded-pool-executor-0.0.3 certifi-2025.8.3 charset_normalizer-3.4.3 earthaccess-0.14.0 frozenlist-1.7.0 fsspec-2025.7.0 idna-3.10 importlib-resources-6.5.2 jmespath-1.0.1 multidict-6.6.4 multimethod-2.0 pqdm-0.2.0 propcache-0.3.2 python-cmr-0.13.0 python-dateutil-2.9.0.post0 requests-2.32.4 s3fs-2025.7.0 six-1.17.0 tinynetrc-1.3.1 tqdm-4.67.1 typing-extensions-4.14.1 urllib3-2.5.0 wrapt-1.17.3 yarl-1.20.1
2025-08-12 19:54:54,343 - INFO - All packages installed successfully.
2025-08-12 19:54:54,411 - CRITICAL - Failed to create a virtual environment.
