├── area_weighted.py
├── call_raster_mask_generator.py
├── cdec_monthly_sums.py
├── cdec_regional_anomaly_mean_err_vals.py
├── compute_groundwater.py
├── compute_mean_geotif.py
├── delete_all_work.sh
├── DELETE_ME_run_pipeline.sh
├── DELETE_ME_univ_defs.py
├── ellipsoidal_area.py
├── get_cdec_reservoirs.py
├── grace_orientation.py
├── grace_tws_anomaly.py
├── interpolate_grace.py
├── mask_from_shapefile.py
├── plot_timeseries.py
├── read_grace_s3_bucket.py
├── run_all.py
├── snodas_monthly_anomaly.py
├── snodas_monthly_mean.py
├── snodas_repair_mask_generator.py
├── snodas_swe_daily_downloader.py
├── soil_moisture_create_mask.py
├── soil_moisture_download.py
├── soil_moisture_map_fields.py
├── soil_moisture_mask_timeseries.py
└── soil_moisture_process.py
