2025-08-13 23:29:05,839 - INFO - Logging to /Users/killett/GRACE/CA-groundwater/repo/logs/.mypy-log-20250813-232905.out and /Users/killett/GRACE/CA-groundwater/repo/logs/.mypy-log-20250813-232905.err with level INFO
2025-08-13 23:29:05,927 - INFO - Computer name: RAYL-C01432
2025-08-13 23:29:06,259 - INFO - Loading custom modules from most recent pickle file: /Users/killett/GRACE/CA-groundwater/repo/.mypy_custom_modules_RAYL-C01432_20250805-145430.pkl
2025-08-13 23:29:06,265 - INFO - Custom modules file /Users/killett/GRACE/CA-groundwater/repo/.mypy_custom_modules_RAYL-C01432_20250805-145430.pkl is from date 20250805-145430 which is older than the point when paths were stored as Paths (which happened on 20250810-224900). Converting all paths to pathlib.Path objects.
2025-08-13 23:29:06,608 - INFO - dict_of_custom_modules() took 0:00:00.348642
2025-08-13 23:29:06,610 - INFO - Elapsed time: 0:00:00.778448
2025-08-13 23:29:06,610 - INFO - Processing a single Python script: /Users/killett/treeview.py.
2025-08-13 23:29:06,611 - INFO - Processing module: /Users/killett/treeview.py where type(module_path) = <class 'pathlib.PosixPath'>
2025-08-13 23:29:06,613 - INFO - Processing module: /Users/killett/univ_defs.py where type(module_path) = <class 'pathlib.PosixPath'>
2025-08-13 23:29:06,688 - INFO - Found no file or network operations in the python script (/Users/killett/treeview.py) or custom modules (univ_defs).
2025-08-13 23:29:10,498 - INFO - Checking import univ_defs_sys_path_script : 1/1 -  NO - NOT installed
2025-08-13 23:29:10,705 - INFO - Uninstalled imports: {'univ_defs_sys_path_script'}
2025-08-13 23:29:10,705 - INFO - Imported files in the same directory as the script: [PosixPath('/Users/killett/univ_defs.py')]
2025-08-13 23:29:10,711 - INFO - No previous JSON files found in the script directory.
2025-08-13 23:29:10,711 - INFO - Trying to load the latest matching venv now.
2025-08-13 23:29:10,711 - INFO - Checking the cache for a virtual environment with all the required packages...
2025-08-13 23:29:10,722 - INFO - No matching venv folders found in the cache.
2025-08-13 23:29:10,722 - INFO - Creating new virtual environment 'myenv'...
2025-08-13 23:29:10,723 - INFO - Creating virtual environment...
2025-08-13 23:29:14,317 - INFO - Virtual environment created.
2025-08-13 23:29:14,317 - INFO - Running pip install: /Users/killett/mypy/failed-myenv-versionless-20250813-232905-univ_defs_sys_path_script/bin/pip install wheel
2025-08-13 23:29:15,509 - INFO - Wheel installed in the virtual environment.
2025-08-13 23:29:15,510 - INFO - Writing download script to /Users/killett/mypy/failed-myenv-versionless-20250813-232905-univ_defs_sys_path_script/download_packages.sh
2025-08-13 23:29:15,511 - INFO - Executing command: /Users/killett/mypy/failed-myenv-versionless-20250813-232905-univ_defs_sys_path_script/download_packages.sh
2025-08-13 23:29:15,853 - INFO - Upgrading pip...
2025-08-13 23:29:16,330 - INFO - Requirement already satisfied: pip in /Users/killett/mypy/failed-myenv-versionless-20250813-232905-univ_defs_sys_path_script/lib/python3.11/site-packages (24.1.2)
2025-08-13 23:29:16,476 - INFO - Collecting pip
2025-08-13 23:29:16,480 - INFO - Using cached pip-25.2-py3-none-any.whl.metadata (4.7 kB)
2025-08-13 23:29:16,487 - INFO - Using cached pip-25.2-py3-none-any.whl (1.8 MB)
2025-08-13 23:29:16,547 - INFO - Installing collected packages: pip
2025-08-13 23:29:16,547 - INFO - Attempting uninstall: pip
2025-08-13 23:29:16,551 - INFO - Found existing installation: pip 24.1.2
2025-08-13 23:29:16,593 - INFO - Uninstalling pip-24.1.2:
2025-08-13 23:29:16,607 - INFO - Successfully uninstalled pip-24.1.2
2025-08-13 23:29:18,159 - INFO - Successfully installed pip-25.2
2025-08-13 23:29:18,391 - INFO - Local setuptools files found.
2025-08-13 23:29:18,400 - INFO - Local wheel files found.
2025-08-13 23:29:18,400 - INFO - Downloading packages...
2025-08-13 23:29:19,457 - ERROR - ERROR: Could not find a version that satisfies the requirement univ_defs_sys_path_script (from versions: none)
2025-08-13 23:29:19,462 - ERROR - ERROR: No matching distribution found for univ_defs_sys_path_script
2025-08-13 23:29:19,517 - INFO - Installing all packages simultaneously...
2025-08-13 23:29:19,517 - INFO - Executing command: /Users/killett/mypy/failed-myenv-versionless-20250813-232905-univ_defs_sys_path_script/bin/python -m pip install --no-index --find-links /Users/killett/mypy/packages -r /Users/killett/mypy/failed-myenv-versionless-20250813-232905-univ_defs_sys_path_script/requirements.txt
2025-08-13 23:29:19,921 - INFO - Looking in links: /Users/killett/mypy/packages
2025-08-13 23:29:19,949 - ERROR - ERROR: Could not find a version that satisfies the requirement univ_defs_sys_path_script (from versions: none)
2025-08-13 23:29:19,949 - ERROR - ERROR: No matching distribution found for univ_defs_sys_path_script
2025-08-13 23:29:20,010 - ERROR - Failed to install some packages.
2025-08-13 23:29:20,011 - ERROR - Failed to install packages simultaneously. Trying to install packages individually to see which fail, but this venv folder will still have 'failed-' in its name...
2025-08-13 23:29:20,504 - INFO - Looking in links: /Users/killett/mypy/packages

2025-08-13 23:29:20,504 - ERROR - ERROR: Could not find a version that satisfies the requirement univ_defs_sys_path_script (from versions: none)
ERROR: No matching distribution found for univ_defs_sys_path_script

2025-08-13 23:29:21,013 - CRITICAL - Failed to download univ_defs_sys_path_script. Error: ERROR: Could not find a version that satisfies the requirement univ_defs_sys_path_script (from versions: none)
ERROR: No matching distribution found for univ_defs_sys_path_script

