в”‚   в”њв”Ђв”Ђ frames/
в”‚   в”‚   в””в”Ђв”Ђ frame_000.png
в”‚   в””в”Ђв”Ђ CDEC/
в”‚       в”њв”Ђв”Ђ cdec_data_webpage.csv
в”‚       в”њв”Ђв”Ђ cdec_data_webpage.xlsx
в”‚       в”њв”Ђв”Ђ cdec_monthly_sums.py
в”‚       в””в”Ђв”Ђ cdec_regional_anomaly_mean_err_vals.py
в”‚   в”њв”Ђв”Ђ HUC2/
в”‚   в”‚   в”њв”Ђв”Ђ HUC2-18_WBDHU4.zip
в”‚   в”‚   в”њв”Ђв”Ђ WBDHU4.dbf
в”‚   в”‚   в”њв”Ђв”Ђ WBDHU4.prj
в”‚   в”‚   в”њв”Ђв”Ђ WBDHU4.shp
в”‚   в”‚   в””в”Ђв”Ђ WBDHU4.shx
в”‚   в””в”Ђв”Ђ SNODAS/
в”‚       в””в”Ђв”Ђ SNODAS_Zero_Repair_Mask.tif
в”‚   в”њв”Ђв”Ђ data_concatenated/
в”‚   в”‚   в””в”Ђв”Ђ NLDAS_VIC0125_M.A.020_19800126_19800126_created_on_20250809_231527.nc
в”‚   в””в”Ђв”Ђ data_monthly/
в”‚       в””в”Ђв”Ђ NLDAS_VIC0125_M.A198001.020.nc
в”‚   в””в”Ђв”Ђ NLDAS/
в”‚       в”њв”Ђв”Ђ data_concatenated/
в”‚       в”‚   в””в”Ђв”Ђ NLDAS_VIC0125_M.A.020_19800126_19800126_created_on_20250809_231527.nc
в”‚       в””в”Ђв”Ђ data_monthly/
в”‚           в””в”Ђв”Ђ NLDAS_VIC0125_M.A198001.020.nc
в”‚   в”њв”Ђв”Ђ reservoirs/
в”‚   в”‚   в””в”Ђв”Ђ CDEC/
в”‚   в”‚       в”њв”Ђв”Ђ cdec_data_webpage.csv
в”‚   в”‚       в”њв”Ђв”Ђ cdec_data_webpage.xlsx
в”‚   в”‚       в”њв”Ђв”Ђ cdec_monthly_sums.py
в”‚   в”‚       в””в”Ђв”Ђ cdec_regional_anomaly_mean_err_vals.py
в”‚   в”њв”Ђв”Ђ shapefiles/
в”‚   в”‚   в”њв”Ђв”Ђ HUC2/
в”‚   в”‚   в”‚   в”њв”Ђв”Ђ HUC2-18_WBDHU4.zip
в”‚   в”‚   в”‚   в”њв”Ђв”Ђ WBDHU4.dbf
в”‚   в”‚   в”‚   в”њв”Ђв”Ђ WBDHU4.prj
в”‚   в”‚   в”‚   в”њв”Ђв”Ђ WBDHU4.shp
в”‚   в”‚   в”‚   в””в”Ђв”Ђ WBDHU4.shx
в”‚   в”‚   в”њв”Ђв”Ђ hybas_na_lev04_v1c.dbf
в”‚   в”‚   в”њв”Ђв”Ђ hybas_na_lev04_v1c.prj
в”‚   в”‚   в”њв”Ђв”Ђ hybas_na_lev04_v1c.sbn
в”‚   в”‚   в”њв”Ђв”Ђ hybas_na_lev04_v1c.sbx
в”‚   в”‚   в”њв”Ђв”Ђ hybas_na_lev04_v1c.shp
в”‚   в”‚   в”њв”Ђв”Ђ hybas_na_lev04_v1c.shp.xml
в”‚   в”‚   в”њв”Ђв”Ђ hybas_na_lev04_v1c.shx
в”‚   в”‚   в””в”Ђв”Ђ HydroBASINS_TechDoc_v1c.pdf
в”‚   в”њв”Ђв”Ђ snow_water_equivalent/
в”‚   в”‚   в””в”Ђв”Ђ SNODAS/
в”‚   в”‚       в””в”Ђв”Ђ SNODAS_Zero_Repair_Mask.tif
в”‚   в”‚   в”њв”Ђв”Ђ data_concatenated/
в”‚   в”‚   в”‚   в””в”Ђв”Ђ NLDAS_VIC0125_M.A.020_19800126_19800126_created_on_20250809_231527.nc
в”‚   в”‚   в””в”Ђв”Ђ data_monthly/
в”‚   в”‚       в””в”Ђв”Ђ NLDAS_VIC0125_M.A198001.020.nc
в”‚   в””в”Ђв”Ђ soil_moisture/
в”‚       в””в”Ђв”Ђ NLDAS/
в”‚           в”њв”Ђв”Ђ data_concatenated/
в”‚           в”‚   в””в”Ђв”Ђ NLDAS_VIC0125_M.A.020_19800126_19800126_created_on_20250809_231527.nc
в”‚           в””в”Ђв”Ђ data_monthly/
в”‚               в””в”Ђв”Ђ NLDAS_VIC0125_M.A198001.020.nc
в”њв”Ђв”Ђ docker/
в”‚   в”њв”Ђв”Ђ build_docker.sh
в”‚   в”њв”Ђв”Ђ Dockerfile
в”‚   в”њв”Ђв”Ђ requirements.txt
в”‚   в””в”Ђв”Ђ run_docker.sh
в”њв”Ђв”Ђ graphics/
в”‚   в”њв”Ђв”Ђ frames/
в”‚   в”‚   в””в”Ђв”Ђ frame_000.png
в”‚   в”њв”Ђв”Ђ GRACE_comparison_light_mode_20250806_224355_png.png
в”‚   в”њв”Ђв”Ђ NLDAS_comparison_light_mode_20250805_150644_png.png
в”‚   в”њв”Ђв”Ђ SMTa_map_20250805_150529.png
в”‚   в””в”Ђв”Ђ SMTa_movie__20250805_150529.mp4
в”‚   в””в”Ђв”Ђ CDEC/
в”‚       в”њв”Ђв”Ђ cdec_data_webpage.csv
в”‚       в”њв”Ђв”Ђ cdec_data_webpage.xlsx
в”‚       в”њв”Ђв”Ђ cdec_monthly_sums.py
в”‚       в””в”Ђв”Ђ cdec_regional_anomaly_mean_err_vals.py
в”‚   в”њв”Ђв”Ђ HUC2/
в”‚   в”‚   в”њв”Ђв”Ђ HUC2-18_WBDHU4.zip
в”‚   в”‚   в”њв”Ђв”Ђ WBDHU4.dbf
в”‚   в”‚   в”њв”Ђв”Ђ WBDHU4.prj
в”‚   в”‚   в”њв”Ђв”Ђ WBDHU4.shp
в”‚   в”‚   в””в”Ђв”Ђ WBDHU4.shx
в”‚   в””в”Ђв”Ђ SNODAS/
в”‚       в””в”Ђв”Ђ SNODAS_Zero_Repair_Mask.tif
в”‚   в”њв”Ђв”Ђ data_concatenated/
в”‚   в”‚   в””в”Ђв”Ђ NLDAS_VIC0125_M.A.020_19800126_19800126_created_on_20250809_231527.nc
в”‚   в””в”Ђв”Ђ data_monthly/
в”‚       в””в”Ђв”Ђ NLDAS_VIC0125_M.A198001.020.nc
в”‚   в””в”Ђв”Ђ NLDAS/
в”‚       в”њв”Ђв”Ђ data_concatenated/
в”‚       в”‚   в””в”Ђв”Ђ NLDAS_VIC0125_M.A.020_19800126_19800126_created_on_20250809_231527.nc
в”‚       в””в”Ђв”Ђ data_monthly/
в”‚           в””в”Ђв”Ђ NLDAS_VIC0125_M.A198001.020.nc
в”њв”Ђв”Ђ input_data/
в”‚   в”њв”Ђв”Ђ reservoirs/
в”‚   в”‚   в””в”Ђв”Ђ CDEC/
в”‚   в”‚       в”њв”Ђв”Ђ cdec_data_webpage.csv
в”‚   в”‚       в”њв”Ђв”Ђ cdec_data_webpage.xlsx
в”‚   в”‚       в”њв”Ђв”Ђ cdec_monthly_sums.py
в”‚   в”‚       в””в”Ђв”Ђ cdec_regional_anomaly_mean_err_vals.py
в”‚   в”њв”Ђв”Ђ shapefiles/
в”‚   в”‚   в”њв”Ђв”Ђ HUC2/
в”‚   в”‚   в”‚   в”њв”Ђв”Ђ HUC2-18_WBDHU4.zip
в”‚   в”‚   в”‚   в”њв”Ђв”Ђ WBDHU4.dbf
в”‚   в”‚   в”‚   в”њв”Ђв”Ђ WBDHU4.prj
в”‚   в”‚   в”‚   в”њв”Ђв”Ђ WBDHU4.shp
в”‚   в”‚   в”‚   в””в”Ђв”Ђ WBDHU4.shx
в”‚   в”‚   в”њв”Ђв”Ђ hybas_na_lev04_v1c.dbf
в”‚   в”‚   в”њв”Ђв”Ђ hybas_na_lev04_v1c.prj
в”‚   в”‚   в”њв”Ђв”Ђ hybas_na_lev04_v1c.sbn
в”‚   в”‚   в”њв”Ђв”Ђ hybas_na_lev04_v1c.sbx
в”‚   в”‚   в”њв”Ђв”Ђ hybas_na_lev04_v1c.shp
в”‚   в”‚   в”њв”Ђв”Ђ hybas_na_lev04_v1c.shp.xml
в”‚   в”‚   в”њв”Ђв”Ђ hybas_na_lev04_v1c.shx
в”‚   в”‚   в””в”Ђв”Ђ HydroBASINS_TechDoc_v1c.pdf
в”‚   в”њв”Ђв”Ђ snow_water_equivalent/
в”‚   в”‚   в””в”Ђв”Ђ SNODAS/
в”‚   в”‚       в””в”Ђв”Ђ SNODAS_Zero_Repair_Mask.tif
в”‚   в”‚   в”њв”Ђв”Ђ data_concatenated/
в”‚   в”‚   в”‚   в””в”Ђв”Ђ NLDAS_VIC0125_M.A.020_19800126_19800126_created_on_20250809_231527.nc
в”‚   в”‚   в””в”Ђв”Ђ data_monthly/
в”‚   в”‚       в””в”Ђв”Ђ NLDAS_VIC0125_M.A198001.020.nc
в”‚   в””в”Ђв”Ђ soil_moisture/
в”‚       в””в”Ђв”Ђ NLDAS/
в”‚           в”њв”Ђв”Ђ data_concatenated/
в”‚           в”‚   в””в”Ђв”Ђ NLDAS_VIC0125_M.A.020_19800126_19800126_created_on_20250809_231527.nc
в”‚           в””в”Ђв”Ђ data_monthly/
в”‚               в””в”Ђв”Ђ NLDAS_VIC0125_M.A198001.020.nc
в”њв”Ђв”Ђ scripts/
в”‚   в”њв”Ђв”Ђ area_weighted.py
в”‚   в”њв”Ђв”Ђ call_raster_mask_generator.py
в”‚   в”њв”Ђв”Ђ cdec_monthly_sums.py
в”‚   в”њв”Ђв”Ђ cdec_regional_anomaly_mean_err_vals.py
в”‚   в”њв”Ђв”Ђ compute_groundwater.py
в”‚   в”њв”Ђв”Ђ compute_mean_geotif.py
в”‚   в”њв”Ђв”Ђ delete_all_work.sh
в”‚   в”њв”Ђв”Ђ DELETE_ME_run_pipeline.sh
в”‚   в”њв”Ђв”Ђ DELETE_ME_univ_defs.py
в”‚   в”њв”Ђв”Ђ ellipsoidal_area.py
в”‚   в”њв”Ђв”Ђ get_cdec_reservoirs.py
в”‚   в”њв”Ђв”Ђ grace_orientation.py
в”‚   в”њв”Ђв”Ђ grace_tws_anomaly.py
в”‚   в”њв”Ђв”Ђ interpolate_grace.py
в”‚   в”њв”Ђв”Ђ mask_from_shapefile.py
в”‚   в”њв”Ђв”Ђ plot_timeseries.py
в”‚   в”њв”Ђв”Ђ read_grace_s3_bucket.py
в”‚   в”њв”Ђв”Ђ run_all.py
в”‚   в”њв”Ђв”Ђ snodas_monthly_anomaly.py
в”‚   в”њв”Ђв”Ђ snodas_monthly_mean.py
в”‚   в”њв”Ђв”Ђ snodas_repair_mask_generator.py
в”‚   в”њв”Ђв”Ђ snodas_swe_daily_downloader.py
в”‚   в”њв”Ђв”Ђ soil_moisture_create_mask.py
в”‚   в”њв”Ђв”Ђ soil_moisture_download.py
в”‚   в”њв”Ђв”Ђ soil_moisture_map_fields.py
в”‚   в”њв”Ђв”Ђ soil_moisture_mask_timeseries.py
в”‚   в””в”Ђв”Ђ soil_moisture_process.py
в”њв”Ђв”Ђ compute_groundwater_notebook.ipynb
в””в”Ђв”Ђ README.md
